#
# There is insufficient memory for the Java Runtime Environment to continue.
# Native memory allocation (malloc) failed to allocate 1075616 bytes for Chunk::new
# Possible reasons:
#   The system is out of physical RAM or swap space
#   The process is running with CompressedOops enabled, and the Java Heap may be blocking the growth of the native heap
# Possible solutions:
#   Reduce memory load on the system
#   Increase physical memory or swap space
#   Check if swap backing store is full
#   Decrease Java heap size (-Xmx/-Xms)
#   Decrease number of Java threads
#   Decrease Java thread stack sizes (-Xss)
#   Set larger code cache with -XX:ReservedCodeCacheSize=
#   JVM is running with Unscaled Compressed Oops mode in which the Java heap is
#     placed in the first 4GB address space. The Java Heap base address is the
#     maximum limit for the native heap growth. Please use -XX:HeapBaseMinAddress
#     to set the Java Heap base and to place the Java Heap above 4GB virtual address.
# This output file may be truncated or incomplete.
#
#  Out of Memory Error (./src/hotspot/share/memory/arena.cpp:197), pid=1208, tid=1340
#
# JRE version: OpenJDK Runtime Environment (11.0.12+7) (build 11.0.12+7-b1504.28-7817840)
# Java VM: OpenJDK 64-Bit Server VM (11.0.12+7-b1504.28-7817840, mixed mode, tiered, compressed oops, g1 gc, windows-amd64)
# No core dump will be written. Minidumps are not enabled by default on client versions of Windows
#

---------------  S U M M A R Y ------------

Command Line: -XX:MaxMetaspaceSize=512m --add-opens=java.base/java.util=ALL-UNNAMED --add-opens=java.base/java.lang=ALL-UNNAMED --add-opens=java.base/java.lang.invoke=ALL-UNNAMED --add-opens=java.base/java.util=ALL-UNNAMED --add-opens=java.prefs/java.util.prefs=ALL-UNNAMED --add-opens=java.prefs/java.util.prefs=ALL-UNNAMED --add-opens=java.base/java.nio.charset=ALL-UNNAMED --add-opens=java.base/java.net=ALL-UNNAMED --add-opens=java.base/java.util.concurrent.atomic=ALL-UNNAMED -Xmx2048m -Dfile.encoding=windows-1252 -Duser.country=MY -Duser.language=en -Duser.variant org.gradle.launcher.daemon.bootstrap.GradleDaemon 7.3.3

Host: Intel(R) Core(TM) i7-7700HQ CPU @ 2.80GHz, 8 cores, 15G,  Windows 10 , 64 bit Build 19041 (10.0.19041.1889)
Time: Mon Oct 17 21:47:56 2022 Malay Peninsula Standard Time elapsed time: 46.435964 seconds (0d 0h 0m 46s)

---------------  T H R E A D  ---------------

Current thread (0x00000180ed436000):  JavaThread "C2 CompilerThread0" daemon [_thread_in_native, id=1340, stack(0x0000004a19b00000,0x0000004a19c00000)]


Current CompileTask:
C2:  46436 6880   !   4       java.io.ObjectOutputStream::writeObject0 (619 bytes)

Stack: [0x0000004a19b00000,0x0000004a19c00000]
Native frames: (J=compiled Java code, j=interpreted, Vv=VM code, C=native code)
V  [jvm.dll+0x5fbcea]
V  [jvm.dll+0x731905]
V  [jvm.dll+0x732f1d]
V  [jvm.dll+0x7335d3]
V  [jvm.dll+0x247bf8]
V  [jvm.dll+0xc018c]
V  [jvm.dll+0xc06cc]
V  [jvm.dll+0x2bcc04]
V  [jvm.dll+0x5113a8]
V  [jvm.dll+0x201b42]
V  [jvm.dll+0x1ff71f]
V  [jvm.dll+0x18868c]
V  [jvm.dll+0x20e0d7]
V  [jvm.dll+0x20c901]
V  [jvm.dll+0x6f9b7f]
V  [jvm.dll+0x6f26a5]
V  [jvm.dll+0x5fabf6]
C  [ucrtbase.dll+0x21bb2]
C  [KERNEL32.DLL+0x17034]
C  [ntdll.dll+0x526a1]


---------------  P R O C E S S  ---------------

Threads class SMR info:
_java_thread_list=0x00000180f1d745f0, length=48, elements={
0x00000180d26d8000, 0x00000180ecb98800, 0x00000180ed3c2800, 0x00000180ed425000,
0x00000180ed429000, 0x00000180ed42a000, 0x00000180ed436000, 0x00000180ed43a800,
0x00000180ed43b800, 0x00000180ed5c3800, 0x00000180ee87f800, 0x00000180eea39800,
0x00000180ee8d7000, 0x00000180eefa4800, 0x00000180ef5f5800, 0x00000180eee24800,
0x00000180eee4a000, 0x00000180ef9c5800, 0x00000180eefd6000, 0x00000180ef039800,
0x00000180ef749800, 0x00000180ef749000, 0x00000180ef74b800, 0x00000180ef74c000,
0x00000180ef747800, 0x00000180efbe5800, 0x00000180efbe4800, 0x00000180efbe6000,
0x00000180efbe3000, 0x00000180efbe7000, 0x00000180efbed800, 0x00000180efbec000,
0x00000180efbec800, 0x00000180efbee800, 0x00000180efbe9800, 0x00000180efbe8000,
0x00000180f190d000, 0x00000180f1910000, 0x00000180efd78800, 0x00000180efd72800,
0x00000180efd7a000, 0x00000180efd7d000, 0x00000180efd79000, 0x00000180efd7a800,
0x00000180efd7c800, 0x00000180efd7e000, 0x00000180efd7b800, 0x00000180efd74000
}

Java Threads: ( => current thread )
  0x00000180d26d8000 JavaThread "main" [_thread_blocked, id=14964, stack(0x0000004a18f00000,0x0000004a19000000)]
  0x00000180ecb98800 JavaThread "Reference Handler" daemon [_thread_blocked, id=9404, stack(0x0000004a19600000,0x0000004a19700000)]
  0x00000180ed3c2800 JavaThread "Finalizer" daemon [_thread_blocked, id=5060, stack(0x0000004a19700000,0x0000004a19800000)]
  0x00000180ed425000 JavaThread "Signal Dispatcher" daemon [_thread_blocked, id=15592, stack(0x0000004a19800000,0x0000004a19900000)]
  0x00000180ed429000 JavaThread "Attach Listener" daemon [_thread_blocked, id=11772, stack(0x0000004a19900000,0x0000004a19a00000)]
  0x00000180ed42a000 JavaThread "Service Thread" daemon [_thread_blocked, id=15560, stack(0x0000004a19a00000,0x0000004a19b00000)]
=>0x00000180ed436000 JavaThread "C2 CompilerThread0" daemon [_thread_in_native, id=1340, stack(0x0000004a19b00000,0x0000004a19c00000)]
  0x00000180ed43a800 JavaThread "C1 CompilerThread0" daemon [_thread_blocked, id=2344, stack(0x0000004a19c00000,0x0000004a19d00000)]
  0x00000180ed43b800 JavaThread "Sweeper thread" daemon [_thread_blocked, id=15964, stack(0x0000004a19d00000,0x0000004a19e00000)]
  0x00000180ed5c3800 JavaThread "Common-Cleaner" daemon [_thread_blocked, id=13372, stack(0x0000004a19e00000,0x0000004a19f00000)]
  0x00000180ee87f800 JavaThread "Daemon health stats" [_thread_blocked, id=864, stack(0x0000004a1a500000,0x0000004a1a600000)]
  0x00000180eea39800 JavaThread "Incoming local TCP Connector on port 52588" [_thread_in_native, id=14544, stack(0x0000004a1a600000,0x0000004a1a700000)]
  0x00000180ee8d7000 JavaThread "Daemon periodic checks" [_thread_blocked, id=12788, stack(0x0000004a1a800000,0x0000004a1a900000)]
  0x00000180eefa4800 JavaThread "Daemon" [_thread_blocked, id=11892, stack(0x0000004a1a900000,0x0000004a1aa00000)]
  0x00000180ef5f5800 JavaThread "Handler for socket connection from /127.0.0.1:52588 to /127.0.0.1:52589" [_thread_in_native, id=11340, stack(0x0000004a1aa00000,0x0000004a1ab00000)]
  0x00000180eee24800 JavaThread "Cancel handler" [_thread_blocked, id=2452, stack(0x0000004a1ab00000,0x0000004a1ac00000)]
  0x00000180eee4a000 JavaThread "Daemon worker" [_thread_blocked, id=12272, stack(0x0000004a1ac00000,0x0000004a1ad00000)]
  0x00000180ef9c5800 JavaThread "Asynchronous log dispatcher for DefaultDaemonConnection: socket connection from /127.0.0.1:52588 to /127.0.0.1:52589" [_thread_blocked, id=11524, stack(0x0000004a1ae00000,0x0000004a1af00000)]
  0x00000180eefd6000 JavaThread "Stdin handler" [_thread_blocked, id=14808, stack(0x0000004a1af00000,0x0000004a1b000000)]
  0x00000180ef039800 JavaThread "Daemon client event forwarder" [_thread_blocked, id=15884, stack(0x0000004a1b000000,0x0000004a1b100000)]
  0x00000180ef749800 JavaThread "Cache worker for journal cache (C:\Users\nazmi\.gradle\caches\journal-1)" [_thread_blocked, id=9584, stack(0x0000004a1b100000,0x0000004a1b200000)]
  0x00000180ef749000 JavaThread "File lock request listener" [_thread_in_native, id=912, stack(0x0000004a1b200000,0x0000004a1b300000)]
  0x00000180ef74b800 JavaThread "Cache worker for file hash cache (C:\Users\nazmi\.gradle\caches\7.3.3\fileHashes)" [_thread_blocked, id=1060, stack(0x0000004a1b300000,0x0000004a1b400000)]
  0x00000180ef74c000 JavaThread "File watcher server" daemon [_thread_in_native, id=15920, stack(0x0000004a1b800000,0x0000004a1b900000)]
  0x00000180ef747800 JavaThread "File watcher consumer" daemon [_thread_blocked, id=9184, stack(0x0000004a1b900000,0x0000004a1ba00000)]
  0x00000180efbe5800 JavaThread "Cache worker for execution history cache (C:\Users\nazmi\.gradle\caches\7.3.3\executionHistory)" [_thread_blocked, id=16256, stack(0x0000004a1bd00000,0x0000004a1be00000)]
  0x00000180efbe4800 JavaThread "jar transforms" [_thread_blocked, id=11396, stack(0x0000004a1be00000,0x0000004a1bf00000)]
  0x00000180efbe6000 JavaThread "jar transforms Thread 2" [_thread_blocked, id=11736, stack(0x0000004a1bf00000,0x0000004a1c000000)]
  0x00000180efbe3000 JavaThread "Cache worker for file content cache (C:\Users\nazmi\.gradle\caches\7.3.3\fileContent)" [_thread_blocked, id=15872, stack(0x0000004a1c000000,0x0000004a1c100000)]
  0x00000180efbe7000 JavaThread "jar transforms Thread 3" [_thread_blocked, id=1952, stack(0x0000004a1c100000,0x0000004a1c200000)]
  0x00000180efbed800 JavaThread "jar transforms Thread 4" [_thread_blocked, id=9844, stack(0x0000004a1c200000,0x0000004a1c300000)]
  0x00000180efbec000 JavaThread "jar transforms Thread 5" [_thread_blocked, id=9788, stack(0x0000004a1c300000,0x0000004a1c400000)]
  0x00000180efbec800 JavaThread "jar transforms Thread 6" [_thread_blocked, id=984, stack(0x0000004a1c400000,0x0000004a1c500000)]
  0x00000180efbee800 JavaThread "jar transforms Thread 7" [_thread_blocked, id=9776, stack(0x0000004a1ad00000,0x0000004a1ae00000)]
  0x00000180efbe9800 JavaThread "jar transforms Thread 8" [_thread_blocked, id=8912, stack(0x0000004a1c500000,0x0000004a1c600000)]
  0x00000180efbe8000 JavaThread "Cache worker for kotlin-dsl (C:\Users\nazmi\.gradle\caches\7.3.3\kotlin-dsl)" [_thread_blocked, id=12920, stack(0x0000004a1c700000,0x0000004a1c800000)]
  0x00000180f190d000 JavaThread "Memory manager" [_thread_blocked, id=884, stack(0x0000004a1ec00000,0x0000004a1ed00000)]
  0x00000180f1910000 JavaThread "included builds" [_thread_blocked, id=9948, stack(0x0000004a1ee00000,0x0000004a1ef00000)]
  0x00000180efd78800 JavaThread "Unconstrained build operations Thread 38" [_thread_blocked, id=15956, stack(0x0000004a1fb00000,0x0000004a1fc00000)]
  0x00000180efd72800 JavaThread "Unconstrained build operations Thread 39" [_thread_blocked, id=12196, stack(0x0000004a1fc00000,0x0000004a1fd00000)]
  0x00000180efd7a000 JavaThread "Unconstrained build operations Thread 40" [_thread_blocked, id=1632, stack(0x0000004a1fd00000,0x0000004a1fe00000)]
  0x00000180efd7d000 JavaThread "Unconstrained build operations Thread 41" [_thread_blocked, id=7016, stack(0x0000004a1fe00000,0x0000004a1ff00000)]
  0x00000180efd79000 JavaThread "Unconstrained build operations Thread 42" [_thread_blocked, id=10764, stack(0x0000004a1ff00000,0x0000004a20000000)]
  0x00000180efd7a800 JavaThread "Unconstrained build operations Thread 43" [_thread_blocked, id=15576, stack(0x0000004a20000000,0x0000004a20100000)]
  0x00000180efd7c800 JavaThread "Unconstrained build operations Thread 44" [_thread_blocked, id=15640, stack(0x0000004a20100000,0x0000004a20200000)]
  0x00000180efd7e000 JavaThread "Unconstrained build operations Thread 45" [_thread_blocked, id=15396, stack(0x0000004a20200000,0x0000004a20300000)]
  0x00000180efd7b800 JavaThread "Unconstrained build operations Thread 46" [_thread_blocked, id=15212, stack(0x0000004a20300000,0x0000004a20400000)]
  0x00000180efd74000 JavaThread "DisconnectableInputStream source reader" daemon [_thread_blocked, id=2284, stack(0x0000004a1bb00000,0x0000004a1bc00000)]

Other Threads:
  0x00000180ecb92800 VMThread "VM Thread" [stack: 0x0000004a19500000,0x0000004a19600000] [id=16104]
  0x00000180ed656800 WatcherThread [stack: 0x0000004a19f00000,0x0000004a1a000000] [id=2812]
  0x00000180d26f2800 GCTaskThread "GC Thread#0" [stack: 0x0000004a19000000,0x0000004a19100000] [id=1764]
  0x00000180ede2d800 GCTaskThread "GC Thread#1" [stack: 0x0000004a1a000000,0x0000004a1a100000] [id=13172]
  0x00000180ee20b800 GCTaskThread "GC Thread#2" [stack: 0x0000004a1a100000,0x0000004a1a200000] [id=5244]
  0x00000180edb75800 GCTaskThread "GC Thread#3" [stack: 0x0000004a1a200000,0x0000004a1a300000] [id=15168]
  0x00000180edb76000 GCTaskThread "GC Thread#4" [stack: 0x0000004a1a300000,0x0000004a1a400000] [id=6160]
  0x00000180ee402000 GCTaskThread "GC Thread#5" [stack: 0x0000004a1a400000,0x0000004a1a500000] [id=5152]
  0x00000180eed13800 GCTaskThread "GC Thread#6" [stack: 0x0000004a1b400000,0x0000004a1b500000] [id=11616]
  0x00000180ee7ed800 GCTaskThread "GC Thread#7" [stack: 0x0000004a1b500000,0x0000004a1b600000] [id=10772]
  0x00000180d2726800 ConcurrentGCThread "G1 Main Marker" [stack: 0x0000004a19100000,0x0000004a19200000] [id=2268]
  0x00000180d2729000 ConcurrentGCThread "G1 Conc#0" [stack: 0x0000004a19200000,0x0000004a19300000] [id=8064]
  0x00000180ef7ad800 ConcurrentGCThread "G1 Conc#1" [stack: 0x0000004a1b600000,0x0000004a1b700000] [id=15352]
  0x00000180d27ae000 ConcurrentGCThread "G1 Refine#0" [stack: 0x0000004a19300000,0x0000004a19400000] [id=3052]
  0x00000180eca28800 ConcurrentGCThread "G1 Young RemSet Sampling" [stack: 0x0000004a19400000,0x0000004a19500000] [id=16132]

Threads with active compile tasks:
C2 CompilerThread0  46463 6880   !   4       java.io.ObjectOutputStream::writeObject0 (619 bytes)

VM state:not at safepoint (normal execution)

VM Mutex/Monitor currently owned by a thread: None

OutOfMemory and StackOverflow Exception counts:
OutOfMemoryError java_heap_errors=1
LinkageErrors=90

Heap address: 0x0000000080000000, size: 2048 MB, Compressed Oops mode: 32-bit
Narrow klass base: 0x0000000000000000, Narrow klass shift: 3
Compressed class space size: 528482304 Address: 0x0000000100000000

Heap:
 garbage-first heap   total 262144K, used 168938K [0x0000000080000000, 0x0000000100000000)
  region size 1024K, 134 young (137216K), 11 survivors (11264K)
 Metaspace       used 67583K, capacity 69815K, committed 69916K, reserved 577536K
  class space    used 8934K, capacity 9813K, committed 9856K, reserved 516096K
Heap Regions: E=young(eden), S=young(survivor), O=old, HS=humongous(starts), HC=humongous(continues), CS=collection set, F=free, A=archive, TAMS=top-at-mark-start (previous, next)
|   0|0x0000000080000000, 0x0000000080100000, 0x0000000080100000|100%| O|  |TAMS 0x0000000080100000, 0x0000000080000000| Untracked 
|   1|0x0000000080100000, 0x0000000080200000, 0x0000000080200000|100%| O|  |TAMS 0x0000000080200000, 0x0000000080100000| Untracked 
|   2|0x0000000080200000, 0x0000000080300000, 0x0000000080300000|100%| O|  |TAMS 0x0000000080300000, 0x0000000080200000| Untracked 
|   3|0x0000000080300000, 0x0000000080400000, 0x0000000080400000|100%|HS|  |TAMS 0x0000000080400000, 0x0000000080300000| Complete 
|   4|0x0000000080400000, 0x0000000080500000, 0x0000000080500000|100%|HC|  |TAMS 0x0000000080500000, 0x0000000080400000| Complete 
|   5|0x0000000080500000, 0x0000000080600000, 0x0000000080600000|100%|HC|  |TAMS 0x0000000080600000, 0x0000000080500000| Complete 
|   6|0x0000000080600000, 0x0000000080700000, 0x0000000080700000|100%| O|  |TAMS 0x0000000080700000, 0x0000000080600000| Untracked 
|   7|0x0000000080700000, 0x0000000080800000, 0x0000000080800000|100%| O|  |TAMS 0x0000000080800000, 0x0000000080700000| Untracked 
|   8|0x0000000080800000, 0x0000000080900000, 0x0000000080900000|100%| O|  |TAMS 0x0000000080900000, 0x0000000080800000| Untracked 
|   9|0x0000000080900000, 0x0000000080a00000, 0x0000000080a00000|100%| O|  |TAMS 0x0000000080a00000, 0x0000000080900000| Untracked 
|  10|0x0000000080a00000, 0x0000000080b00000, 0x0000000080b00000|100%| O|  |TAMS 0x0000000080b00000, 0x0000000080a00000| Untracked 
|  11|0x0000000080b00000, 0x0000000080c00000, 0x0000000080c00000|100%| O|  |TAMS 0x0000000080c00000, 0x0000000080b00000| Untracked 
|  12|0x0000000080c00000, 0x0000000080d00000, 0x0000000080d00000|100%| O|  |TAMS 0x0000000080d00000, 0x0000000080c00000| Untracked 
|  13|0x0000000080d00000, 0x0000000080e00000, 0x0000000080e00000|100%| O|  |TAMS 0x0000000080e00000, 0x0000000080d00000| Untracked 
|  14|0x0000000080e00000, 0x0000000080f00000, 0x0000000080f00000|100%| O|  |TAMS 0x0000000080f00000, 0x0000000080e00000| Untracked 
|  15|0x0000000080f00000, 0x0000000081000000, 0x0000000081000000|100%| O|  |TAMS 0x0000000081000000, 0x0000000080f00000| Untracked 
|  16|0x0000000081000000, 0x0000000081100000, 0x0000000081100000|100%| O|  |TAMS 0x0000000081100000, 0x0000000081000000| Untracked 
|  17|0x0000000081100000, 0x0000000081200000, 0x0000000081200000|100%|HS|  |TAMS 0x0000000081200000, 0x0000000081100000| Complete 
|  18|0x0000000081200000, 0x0000000081300000, 0x0000000081300000|100%|HS|  |TAMS 0x0000000081300000, 0x0000000081200000| Complete 
|  19|0x0000000081300000, 0x0000000081400000, 0x0000000081400000|100%|HC|  |TAMS 0x0000000081400000, 0x0000000081300000| Complete 
|  20|0x0000000081400000, 0x0000000081500000, 0x0000000081500000|100%|HC|  |TAMS 0x0000000081500000, 0x0000000081400000| Complete 
|  21|0x0000000081500000, 0x0000000081600000, 0x0000000081600000|100%| O|  |TAMS 0x0000000081600000, 0x0000000081500000| Untracked 
|  22|0x0000000081600000, 0x0000000081700000, 0x0000000081700000|100%| O|  |TAMS 0x0000000081700000, 0x0000000081600000| Untracked 
|  23|0x0000000081700000, 0x0000000081800000, 0x0000000081800000|100%| O|  |TAMS 0x0000000081800000, 0x0000000081700000| Untracked 
|  24|0x0000000081800000, 0x0000000081900000, 0x0000000081900000|100%| O|  |TAMS 0x0000000081900000, 0x0000000081800000| Untracked 
|  25|0x0000000081900000, 0x0000000081a00000, 0x0000000081a00000|100%| O|  |TAMS 0x0000000081a00000, 0x0000000081900000| Untracked 
|  26|0x0000000081a00000, 0x0000000081b00000, 0x0000000081b00000|100%| O|  |TAMS 0x0000000081b00000, 0x0000000081a00000| Untracked 
|  27|0x0000000081b00000, 0x0000000081c00000, 0x0000000081c00000|100%| O|  |TAMS 0x0000000081c00000, 0x0000000081b00000| Untracked 
|  28|0x0000000081c00000, 0x0000000081d00000, 0x0000000081d00000|100%| O|  |TAMS 0x0000000081d00000, 0x0000000081c00000| Untracked 
|  29|0x0000000081d00000, 0x0000000081e00000, 0x0000000081e00000|100%| O|  |TAMS 0x0000000081e00000, 0x0000000081d00000| Untracked 
|  30|0x0000000081e00000, 0x0000000081f00000, 0x0000000081f00000|100%| O|  |TAMS 0x0000000081f00000, 0x0000000081e00000| Untracked 
|  31|0x0000000081f00000, 0x0000000082000000, 0x0000000082000000|100%| O|  |TAMS 0x0000000082000000, 0x0000000081f00000| Untracked 
|  32|0x0000000082000000, 0x0000000082100000, 0x0000000082100000|100%| O|  |TAMS 0x0000000082100000, 0x0000000082000000| Untracked 
|  33|0x0000000082100000, 0x00000000821a8e00, 0x0000000082200000| 65%| O|  |TAMS 0x00000000821a8e00, 0x0000000082100000| Untracked 
|  34|0x0000000082200000, 0x0000000082200000, 0x0000000082300000|  0%| F|  |TAMS 0x0000000082200000, 0x0000000082200000| Untracked 
|  35|0x0000000082300000, 0x0000000082300000, 0x0000000082400000|  0%| F|  |TAMS 0x0000000082300000, 0x0000000082300000| Untracked 
|  36|0x0000000082400000, 0x0000000082400000, 0x0000000082500000|  0%| F|  |TAMS 0x0000000082400000, 0x0000000082400000| Untracked 
|  37|0x0000000082500000, 0x0000000082500000, 0x0000000082600000|  0%| F|  |TAMS 0x0000000082500000, 0x0000000082500000| Untracked 
|  38|0x0000000082600000, 0x0000000082600000, 0x0000000082700000|  0%| F|  |TAMS 0x0000000082600000, 0x0000000082600000| Untracked 
|  39|0x0000000082700000, 0x0000000082700000, 0x0000000082800000|  0%| F|  |TAMS 0x0000000082700000, 0x0000000082700000| Untracked 
|  40|0x0000000082800000, 0x0000000082800000, 0x0000000082900000|  0%| F|  |TAMS 0x0000000082800000, 0x0000000082800000| Untracked 
|  41|0x0000000082900000, 0x0000000082900000, 0x0000000082a00000|  0%| F|  |TAMS 0x0000000082900000, 0x0000000082900000| Untracked 
|  42|0x0000000082a00000, 0x0000000082a00000, 0x0000000082b00000|  0%| F|  |TAMS 0x0000000082a00000, 0x0000000082a00000| Untracked 
|  43|0x0000000082b00000, 0x0000000082b00000, 0x0000000082c00000|  0%| F|  |TAMS 0x0000000082b00000, 0x0000000082b00000| Untracked 
|  44|0x0000000082c00000, 0x0000000082c00000, 0x0000000082d00000|  0%| F|  |TAMS 0x0000000082c00000, 0x0000000082c00000| Untracked 
|  45|0x0000000082d00000, 0x0000000082d00000, 0x0000000082e00000|  0%| F|  |TAMS 0x0000000082d00000, 0x0000000082d00000| Untracked 
|  46|0x0000000082e00000, 0x0000000082e00000, 0x0000000082f00000|  0%| F|  |TAMS 0x0000000082e00000, 0x0000000082e00000| Untracked 
|  47|0x0000000082f00000, 0x0000000082f00000, 0x0000000083000000|  0%| F|  |TAMS 0x0000000082f00000, 0x0000000082f00000| Untracked 
|  48|0x0000000083000000, 0x0000000083000000, 0x0000000083100000|  0%| F|  |TAMS 0x0000000083000000, 0x0000000083000000| Untracked 
|  49|0x0000000083100000, 0x0000000083100000, 0x0000000083200000|  0%| F|  |TAMS 0x0000000083100000, 0x0000000083100000| Untracked 
|  50|0x0000000083200000, 0x0000000083200000, 0x0000000083300000|  0%| F|  |TAMS 0x0000000083200000, 0x0000000083200000| Untracked 
|  51|0x0000000083300000, 0x0000000083300000, 0x0000000083400000|  0%| F|  |TAMS 0x0000000083300000, 0x0000000083300000| Untracked 
|  52|0x0000000083400000, 0x0000000083400000, 0x0000000083500000|  0%| F|  |TAMS 0x0000000083400000, 0x0000000083400000| Untracked 
|  53|0x0000000083500000, 0x0000000083500000, 0x0000000083600000|  0%| F|  |TAMS 0x0000000083500000, 0x0000000083500000| Untracked 
|  54|0x0000000083600000, 0x0000000083600000, 0x0000000083700000|  0%| F|  |TAMS 0x0000000083600000, 0x0000000083600000| Untracked 
|  55|0x0000000083700000, 0x0000000083700000, 0x0000000083800000|  0%| F|  |TAMS 0x0000000083700000, 0x0000000083700000| Untracked 
|  56|0x0000000083800000, 0x0000000083800000, 0x0000000083900000|  0%| F|  |TAMS 0x0000000083800000, 0x0000000083800000| Untracked 
|  57|0x0000000083900000, 0x0000000083900000, 0x0000000083a00000|  0%| F|  |TAMS 0x0000000083900000, 0x0000000083900000| Untracked 
|  58|0x0000000083a00000, 0x0000000083a00000, 0x0000000083b00000|  0%| F|  |TAMS 0x0000000083a00000, 0x0000000083a00000| Untracked 
|  59|0x0000000083b00000, 0x0000000083b00000, 0x0000000083c00000|  0%| F|  |TAMS 0x0000000083b00000, 0x0000000083b00000| Untracked 
|  60|0x0000000083c00000, 0x0000000083c00000, 0x0000000083d00000|  0%| F|  |TAMS 0x0000000083c00000, 0x0000000083c00000| Untracked 
|  61|0x0000000083d00000, 0x0000000083d00000, 0x0000000083e00000|  0%| F|  |TAMS 0x0000000083d00000, 0x0000000083d00000| Untracked 
|  62|0x0000000083e00000, 0x0000000083e00000, 0x0000000083f00000|  0%| F|  |TAMS 0x0000000083e00000, 0x0000000083e00000| Untracked 
|  63|0x0000000083f00000, 0x0000000083f00000, 0x0000000084000000|  0%| F|  |TAMS 0x0000000083f00000, 0x0000000083f00000| Untracked 
|  64|0x0000000084000000, 0x0000000084000000, 0x0000000084100000|  0%| F|  |TAMS 0x0000000084000000, 0x0000000084000000| Untracked 
|  65|0x0000000084100000, 0x0000000084100000, 0x0000000084200000|  0%| F|  |TAMS 0x0000000084100000, 0x0000000084100000| Untracked 
|  66|0x0000000084200000, 0x0000000084200000, 0x0000000084300000|  0%| F|  |TAMS 0x0000000084200000, 0x0000000084200000| Untracked 
|  67|0x0000000084300000, 0x0000000084300000, 0x0000000084400000|  0%| F|  |TAMS 0x0000000084300000, 0x0000000084300000| Untracked 
|  68|0x0000000084400000, 0x0000000084400000, 0x0000000084500000|  0%| F|  |TAMS 0x0000000084400000, 0x0000000084400000| Untracked 
|  69|0x0000000084500000, 0x0000000084500000, 0x0000000084600000|  0%| F|  |TAMS 0x0000000084500000, 0x0000000084500000| Untracked 
|  70|0x0000000084600000, 0x0000000084600000, 0x0000000084700000|  0%| F|  |TAMS 0x0000000084600000, 0x0000000084600000| Untracked 
|  71|0x0000000084700000, 0x0000000084700000, 0x0000000084800000|  0%| F|  |TAMS 0x0000000084700000, 0x0000000084700000| Untracked 
|  72|0x0000000084800000, 0x0000000084800000, 0x0000000084900000|  0%| F|  |TAMS 0x0000000084800000, 0x0000000084800000| Untracked 
|  73|0x0000000084900000, 0x0000000084900000, 0x0000000084a00000|  0%| F|  |TAMS 0x0000000084900000, 0x0000000084900000| Untracked 
|  74|0x0000000084a00000, 0x0000000084a00000, 0x0000000084b00000|  0%| F|  |TAMS 0x0000000084a00000, 0x0000000084a00000| Untracked 
|  75|0x0000000084b00000, 0x0000000084b00000, 0x0000000084c00000|  0%| F|  |TAMS 0x0000000084b00000, 0x0000000084b00000| Untracked 
|  76|0x0000000084c00000, 0x0000000084c00000, 0x0000000084d00000|  0%| F|  |TAMS 0x0000000084c00000, 0x0000000084c00000| Untracked 
|  77|0x0000000084d00000, 0x0000000084d00000, 0x0000000084e00000|  0%| F|  |TAMS 0x0000000084d00000, 0x0000000084d00000| Untracked 
|  78|0x0000000084e00000, 0x0000000084e00000, 0x0000000084f00000|  0%| F|  |TAMS 0x0000000084e00000, 0x0000000084e00000| Untracked 
|  79|0x0000000084f00000, 0x0000000084f00000, 0x0000000085000000|  0%| F|  |TAMS 0x0000000084f00000, 0x0000000084f00000| Untracked 
|  80|0x0000000085000000, 0x0000000085000000, 0x0000000085100000|  0%| F|  |TAMS 0x0000000085000000, 0x0000000085000000| Untracked 
|  81|0x0000000085100000, 0x0000000085100000, 0x0000000085200000|  0%| F|  |TAMS 0x0000000085100000, 0x0000000085100000| Untracked 
|  82|0x0000000085200000, 0x0000000085200000, 0x0000000085300000|  0%| F|  |TAMS 0x0000000085200000, 0x0000000085200000| Untracked 
|  83|0x0000000085300000, 0x0000000085300000, 0x0000000085400000|  0%| F|  |TAMS 0x0000000085300000, 0x0000000085300000| Untracked 
|  84|0x0000000085400000, 0x0000000085400000, 0x0000000085500000|  0%| F|  |TAMS 0x0000000085400000, 0x0000000085400000| Untracked 
|  85|0x0000000085500000, 0x0000000085500000, 0x0000000085600000|  0%| F|  |TAMS 0x0000000085500000, 0x0000000085500000| Untracked 
|  86|0x0000000085600000, 0x0000000085600000, 0x0000000085700000|  0%| F|  |TAMS 0x0000000085600000, 0x0000000085600000| Untracked 
|  87|0x0000000085700000, 0x0000000085700000, 0x0000000085800000|  0%| F|  |TAMS 0x0000000085700000, 0x0000000085700000| Untracked 
|  88|0x0000000085800000, 0x0000000085800000, 0x0000000085900000|  0%| F|  |TAMS 0x0000000085800000, 0x0000000085800000| Untracked 
|  89|0x0000000085900000, 0x0000000085900000, 0x0000000085a00000|  0%| F|  |TAMS 0x0000000085900000, 0x0000000085900000| Untracked 
|  90|0x0000000085a00000, 0x0000000085a00000, 0x0000000085b00000|  0%| F|  |TAMS 0x0000000085a00000, 0x0000000085a00000| Untracked 
|  91|0x0000000085b00000, 0x0000000085b00000, 0x0000000085c00000|  0%| F|  |TAMS 0x0000000085b00000, 0x0000000085b00000| Untracked 
|  92|0x0000000085c00000, 0x0000000085c00000, 0x0000000085d00000|  0%| F|  |TAMS 0x0000000085c00000, 0x0000000085c00000| Untracked 
|  93|0x0000000085d00000, 0x0000000085d00000, 0x0000000085e00000|  0%| F|  |TAMS 0x0000000085d00000, 0x0000000085d00000| Untracked 
|  94|0x0000000085e00000, 0x0000000085e00000, 0x0000000085f00000|  0%| F|  |TAMS 0x0000000085e00000, 0x0000000085e00000| Untracked 
|  95|0x0000000085f00000, 0x0000000085f00000, 0x0000000086000000|  0%| F|  |TAMS 0x0000000085f00000, 0x0000000085f00000| Untracked 
|  96|0x0000000086000000, 0x0000000086000000, 0x0000000086100000|  0%| F|  |TAMS 0x0000000086000000, 0x0000000086000000| Untracked 
|  97|0x0000000086100000, 0x0000000086100000, 0x0000000086200000|  0%| F|  |TAMS 0x0000000086100000, 0x0000000086100000| Untracked 
|  98|0x0000000086200000, 0x0000000086200000, 0x0000000086300000|  0%| F|  |TAMS 0x0000000086200000, 0x0000000086200000| Untracked 
|  99|0x0000000086300000, 0x0000000086300000, 0x0000000086400000|  0%| F|  |TAMS 0x0000000086300000, 0x0000000086300000| Untracked 
| 100|0x0000000086400000, 0x0000000086400000, 0x0000000086500000|  0%| F|  |TAMS 0x0000000086400000, 0x0000000086400000| Untracked 
| 101|0x0000000086500000, 0x0000000086500000, 0x0000000086600000|  0%| F|  |TAMS 0x0000000086500000, 0x0000000086500000| Untracked 
| 102|0x0000000086600000, 0x0000000086600000, 0x0000000086700000|  0%| F|  |TAMS 0x0000000086600000, 0x0000000086600000| Untracked 
| 103|0x0000000086700000, 0x0000000086700000, 0x0000000086800000|  0%| F|  |TAMS 0x0000000086700000, 0x0000000086700000| Untracked 
| 104|0x0000000086800000, 0x0000000086800000, 0x0000000086900000|  0%| F|  |TAMS 0x0000000086800000, 0x0000000086800000| Untracked 
| 105|0x0000000086900000, 0x0000000086900000, 0x0000000086a00000|  0%| F|  |TAMS 0x0000000086900000, 0x0000000086900000| Untracked 
| 106|0x0000000086a00000, 0x0000000086a00000, 0x0000000086b00000|  0%| F|  |TAMS 0x0000000086a00000, 0x0000000086a00000| Untracked 
| 107|0x0000000086b00000, 0x0000000086b00000, 0x0000000086c00000|  0%| F|  |TAMS 0x0000000086b00000, 0x0000000086b00000| Untracked 
| 108|0x0000000086c00000, 0x0000000086c00000, 0x0000000086d00000|  0%| F|  |TAMS 0x0000000086c00000, 0x0000000086c00000| Untracked 
| 109|0x0000000086d00000, 0x0000000086d00000, 0x0000000086e00000|  0%| F|  |TAMS 0x0000000086d00000, 0x0000000086d00000| Untracked 
| 110|0x0000000086e00000, 0x0000000086e00000, 0x0000000086f00000|  0%| F|  |TAMS 0x0000000086e00000, 0x0000000086e00000| Untracked 
| 111|0x0000000086f00000, 0x0000000086f00000, 0x0000000087000000|  0%| F|  |TAMS 0x0000000086f00000, 0x0000000086f00000| Untracked 
| 112|0x0000000087000000, 0x0000000087000000, 0x0000000087100000|  0%| F|  |TAMS 0x0000000087000000, 0x0000000087000000| Untracked 
| 113|0x0000000087100000, 0x0000000087100000, 0x0000000087200000|  0%| F|  |TAMS 0x0000000087100000, 0x0000000087100000| Untracked 
| 114|0x0000000087200000, 0x0000000087200000, 0x0000000087300000|  0%| F|  |TAMS 0x0000000087200000, 0x0000000087200000| Untracked 
| 115|0x0000000087300000, 0x0000000087300000, 0x0000000087400000|  0%| F|  |TAMS 0x0000000087300000, 0x0000000087300000| Untracked 
| 116|0x0000000087400000, 0x0000000087400000, 0x0000000087500000|  0%| F|  |TAMS 0x0000000087400000, 0x0000000087400000| Untracked 
| 117|0x0000000087500000, 0x0000000087500000, 0x0000000087600000|  0%| F|  |TAMS 0x0000000087500000, 0x0000000087500000| Untracked 
| 118|0x0000000087600000, 0x0000000087600000, 0x0000000087700000|  0%| F|  |TAMS 0x0000000087600000, 0x0000000087600000| Untracked 
| 119|0x0000000087700000, 0x0000000087700000, 0x0000000087800000|  0%| F|  |TAMS 0x0000000087700000, 0x0000000087700000| Untracked 
| 120|0x0000000087800000, 0x0000000087800000, 0x0000000087900000|  0%| F|  |TAMS 0x0000000087800000, 0x0000000087800000| Untracked 
| 121|0x0000000087900000, 0x0000000087900000, 0x0000000087a00000|  0%| F|  |TAMS 0x0000000087900000, 0x0000000087900000| Untracked 
| 122|0x0000000087a00000, 0x0000000087a218f8, 0x0000000087b00000| 13%| E|  |TAMS 0x0000000087a00000, 0x0000000087a00000| Complete 
| 123|0x0000000087b00000, 0x0000000087c00000, 0x0000000087c00000|100%| E|CS|TAMS 0x0000000087b00000, 0x0000000087b00000| Complete 
| 124|0x0000000087c00000, 0x0000000087d00000, 0x0000000087d00000|100%| E|CS|TAMS 0x0000000087c00000, 0x0000000087c00000| Complete 
| 125|0x0000000087d00000, 0x0000000087e00000, 0x0000000087e00000|100%| E|CS|TAMS 0x0000000087d00000, 0x0000000087d00000| Complete 
| 126|0x0000000087e00000, 0x0000000087f00000, 0x0000000087f00000|100%| E|CS|TAMS 0x0000000087e00000, 0x0000000087e00000| Complete 
| 127|0x0000000087f00000, 0x0000000088000000, 0x0000000088000000|100%| E|CS|TAMS 0x0000000087f00000, 0x0000000087f00000| Complete 
| 128|0x0000000088000000, 0x0000000088100000, 0x0000000088100000|100%| E|CS|TAMS 0x0000000088000000, 0x0000000088000000| Complete 
| 129|0x0000000088100000, 0x0000000088200000, 0x0000000088200000|100%| E|CS|TAMS 0x0000000088100000, 0x0000000088100000| Complete 
| 130|0x0000000088200000, 0x0000000088300000, 0x0000000088300000|100%| E|CS|TAMS 0x0000000088200000, 0x0000000088200000| Complete 
| 131|0x0000000088300000, 0x0000000088400000, 0x0000000088400000|100%| E|CS|TAMS 0x0000000088300000, 0x0000000088300000| Complete 
| 132|0x0000000088400000, 0x0000000088500000, 0x0000000088500000|100%| E|CS|TAMS 0x0000000088400000, 0x0000000088400000| Complete 
| 133|0x0000000088500000, 0x0000000088600000, 0x0000000088600000|100%| E|CS|TAMS 0x0000000088500000, 0x0000000088500000| Complete 
| 134|0x0000000088600000, 0x0000000088700000, 0x0000000088700000|100%| E|  |TAMS 0x0000000088600000, 0x0000000088600000| Complete 
| 135|0x0000000088700000, 0x0000000088800000, 0x0000000088800000|100%| E|CS|TAMS 0x0000000088700000, 0x0000000088700000| Complete 
| 136|0x0000000088800000, 0x0000000088900000, 0x0000000088900000|100%| E|CS|TAMS 0x0000000088800000, 0x0000000088800000| Complete 
| 137|0x0000000088900000, 0x0000000088a00000, 0x0000000088a00000|100%| E|CS|TAMS 0x0000000088900000, 0x0000000088900000| Complete 
| 138|0x0000000088a00000, 0x0000000088b00000, 0x0000000088b00000|100%| E|CS|TAMS 0x0000000088a00000, 0x0000000088a00000| Complete 
| 139|0x0000000088b00000, 0x0000000088c00000, 0x0000000088c00000|100%| E|CS|TAMS 0x0000000088b00000, 0x0000000088b00000| Complete 
| 140|0x0000000088c00000, 0x0000000088d00000, 0x0000000088d00000|100%| E|CS|TAMS 0x0000000088c00000, 0x0000000088c00000| Complete 
| 141|0x0000000088d00000, 0x0000000088e00000, 0x0000000088e00000|100%| E|CS|TAMS 0x0000000088d00000, 0x0000000088d00000| Complete 
| 142|0x0000000088e00000, 0x0000000088f00000, 0x0000000088f00000|100%| E|CS|TAMS 0x0000000088e00000, 0x0000000088e00000| Complete 
| 143|0x0000000088f00000, 0x0000000089000000, 0x0000000089000000|100%| E|CS|TAMS 0x0000000088f00000, 0x0000000088f00000| Complete 
| 144|0x0000000089000000, 0x0000000089100000, 0x0000000089100000|100%| E|CS|TAMS 0x0000000089000000, 0x0000000089000000| Complete 
| 145|0x0000000089100000, 0x0000000089200000, 0x0000000089200000|100%| E|CS|TAMS 0x0000000089100000, 0x0000000089100000| Complete 
| 146|0x0000000089200000, 0x0000000089300000, 0x0000000089300000|100%| E|CS|TAMS 0x0000000089200000, 0x0000000089200000| Complete 
| 147|0x0000000089300000, 0x0000000089400000, 0x0000000089400000|100%| E|CS|TAMS 0x0000000089300000, 0x0000000089300000| Complete 
| 148|0x0000000089400000, 0x0000000089500000, 0x0000000089500000|100%| E|CS|TAMS 0x0000000089400000, 0x0000000089400000| Complete 
| 149|0x0000000089500000, 0x0000000089600000, 0x0000000089600000|100%| E|CS|TAMS 0x0000000089500000, 0x0000000089500000| Complete 
| 150|0x0000000089600000, 0x0000000089700000, 0x0000000089700000|100%| E|CS|TAMS 0x0000000089600000, 0x0000000089600000| Complete 
| 151|0x0000000089700000, 0x0000000089800000, 0x0000000089800000|100%| E|CS|TAMS 0x0000000089700000, 0x0000000089700000| Complete 
| 152|0x0000000089800000, 0x0000000089900000, 0x0000000089900000|100%| E|CS|TAMS 0x0000000089800000, 0x0000000089800000| Complete 
| 153|0x0000000089900000, 0x0000000089a00000, 0x0000000089a00000|100%| E|CS|TAMS 0x0000000089900000, 0x0000000089900000| Complete 
| 154|0x0000000089a00000, 0x0000000089b00000, 0x0000000089b00000|100%| E|CS|TAMS 0x0000000089a00000, 0x0000000089a00000| Complete 
| 155|0x0000000089b00000, 0x0000000089c00000, 0x0000000089c00000|100%| E|CS|TAMS 0x0000000089b00000, 0x0000000089b00000| Complete 
| 156|0x0000000089c00000, 0x0000000089d00000, 0x0000000089d00000|100%| E|CS|TAMS 0x0000000089c00000, 0x0000000089c00000| Complete 
| 157|0x0000000089d00000, 0x0000000089e00000, 0x0000000089e00000|100%| E|CS|TAMS 0x0000000089d00000, 0x0000000089d00000| Complete 
| 158|0x0000000089e00000, 0x0000000089f00000, 0x0000000089f00000|100%| E|CS|TAMS 0x0000000089e00000, 0x0000000089e00000| Complete 
| 159|0x0000000089f00000, 0x000000008a000000, 0x000000008a000000|100%| E|CS|TAMS 0x0000000089f00000, 0x0000000089f00000| Complete 
| 160|0x000000008a000000, 0x000000008a100000, 0x000000008a100000|100%| E|CS|TAMS 0x000000008a000000, 0x000000008a000000| Complete 
| 161|0x000000008a100000, 0x000000008a200000, 0x000000008a200000|100%| E|CS|TAMS 0x000000008a100000, 0x000000008a100000| Complete 
| 162|0x000000008a200000, 0x000000008a300000, 0x000000008a300000|100%| E|CS|TAMS 0x000000008a200000, 0x000000008a200000| Complete 
| 163|0x000000008a300000, 0x000000008a400000, 0x000000008a400000|100%| E|CS|TAMS 0x000000008a300000, 0x000000008a300000| Complete 
| 164|0x000000008a400000, 0x000000008a500000, 0x000000008a500000|100%| E|CS|TAMS 0x000000008a400000, 0x000000008a400000| Complete 
| 165|0x000000008a500000, 0x000000008a600000, 0x000000008a600000|100%| E|CS|TAMS 0x000000008a500000, 0x000000008a500000| Complete 
| 166|0x000000008a600000, 0x000000008a700000, 0x000000008a700000|100%| E|CS|TAMS 0x000000008a600000, 0x000000008a600000| Complete 
| 167|0x000000008a700000, 0x000000008a800000, 0x000000008a800000|100%| E|CS|TAMS 0x000000008a700000, 0x000000008a700000| Complete 
| 168|0x000000008a800000, 0x000000008a900000, 0x000000008a900000|100%| E|CS|TAMS 0x000000008a800000, 0x000000008a800000| Complete 
| 169|0x000000008a900000, 0x000000008aa00000, 0x000000008aa00000|100%| E|CS|TAMS 0x000000008a900000, 0x000000008a900000| Complete 
| 170|0x000000008aa00000, 0x000000008ab00000, 0x000000008ab00000|100%| E|CS|TAMS 0x000000008aa00000, 0x000000008aa00000| Complete 
| 171|0x000000008ab00000, 0x000000008ac00000, 0x000000008ac00000|100%| E|CS|TAMS 0x000000008ab00000, 0x000000008ab00000| Complete 
| 172|0x000000008ac00000, 0x000000008ad00000, 0x000000008ad00000|100%| E|CS|TAMS 0x000000008ac00000, 0x000000008ac00000| Complete 
| 173|0x000000008ad00000, 0x000000008ae00000, 0x000000008ae00000|100%| E|CS|TAMS 0x000000008ad00000, 0x000000008ad00000| Complete 
| 174|0x000000008ae00000, 0x000000008af00000, 0x000000008af00000|100%| E|CS|TAMS 0x000000008ae00000, 0x000000008ae00000| Complete 
| 175|0x000000008af00000, 0x000000008b000000, 0x000000008b000000|100%| E|CS|TAMS 0x000000008af00000, 0x000000008af00000| Complete 
| 176|0x000000008b000000, 0x000000008b100000, 0x000000008b100000|100%| E|CS|TAMS 0x000000008b000000, 0x000000008b000000| Complete 
| 177|0x000000008b100000, 0x000000008b200000, 0x000000008b200000|100%| E|CS|TAMS 0x000000008b100000, 0x000000008b100000| Complete 
| 178|0x000000008b200000, 0x000000008b300000, 0x000000008b300000|100%| E|CS|TAMS 0x000000008b200000, 0x000000008b200000| Complete 
| 179|0x000000008b300000, 0x000000008b400000, 0x000000008b400000|100%| E|CS|TAMS 0x000000008b300000, 0x000000008b300000| Complete 
| 180|0x000000008b400000, 0x000000008b500000, 0x000000008b500000|100%| E|CS|TAMS 0x000000008b400000, 0x000000008b400000| Complete 
| 181|0x000000008b500000, 0x000000008b600000, 0x000000008b600000|100%| E|CS|TAMS 0x000000008b500000, 0x000000008b500000| Complete 
| 182|0x000000008b600000, 0x000000008b700000, 0x000000008b700000|100%| E|CS|TAMS 0x000000008b600000, 0x000000008b600000| Complete 
| 183|0x000000008b700000, 0x000000008b800000, 0x000000008b800000|100%| E|CS|TAMS 0x000000008b700000, 0x000000008b700000| Complete 
| 184|0x000000008b800000, 0x000000008b851b60, 0x000000008b900000| 31%| S|CS|TAMS 0x000000008b800000, 0x000000008b800000| Complete 
| 185|0x000000008b900000, 0x000000008ba00000, 0x000000008ba00000|100%| S|CS|TAMS 0x000000008b900000, 0x000000008b900000| Complete 
| 186|0x000000008ba00000, 0x000000008bb00000, 0x000000008bb00000|100%| S|CS|TAMS 0x000000008ba00000, 0x000000008ba00000| Complete 
| 187|0x000000008bb00000, 0x000000008bc00000, 0x000000008bc00000|100%| S|CS|TAMS 0x000000008bb00000, 0x000000008bb00000| Complete 
| 188|0x000000008bc00000, 0x000000008bd00000, 0x000000008bd00000|100%| S|CS|TAMS 0x000000008bc00000, 0x000000008bc00000| Complete 
| 189|0x000000008bd00000, 0x000000008be00000, 0x000000008be00000|100%| S|CS|TAMS 0x000000008bd00000, 0x000000008bd00000| Complete 
| 190|0x000000008be00000, 0x000000008bf00000, 0x000000008bf00000|100%| S|CS|TAMS 0x000000008be00000, 0x000000008be00000| Complete 
| 191|0x000000008bf00000, 0x000000008c000000, 0x000000008c000000|100%| S|CS|TAMS 0x000000008bf00000, 0x000000008bf00000| Complete 
| 192|0x000000008c000000, 0x000000008c100000, 0x000000008c100000|100%| S|CS|TAMS 0x000000008c000000, 0x000000008c000000| Complete 
| 193|0x000000008c100000, 0x000000008c200000, 0x000000008c200000|100%| S|CS|TAMS 0x000000008c100000, 0x000000008c100000| Complete 
| 194|0x000000008c200000, 0x000000008c300000, 0x000000008c300000|100%| S|CS|TAMS 0x000000008c200000, 0x000000008c200000| Complete 
| 195|0x000000008c300000, 0x000000008c400000, 0x000000008c400000|100%| E|CS|TAMS 0x000000008c300000, 0x000000008c300000| Complete 
| 196|0x000000008c400000, 0x000000008c500000, 0x000000008c500000|100%| E|CS|TAMS 0x000000008c400000, 0x000000008c400000| Complete 
| 197|0x000000008c500000, 0x000000008c600000, 0x000000008c600000|100%| E|CS|TAMS 0x000000008c500000, 0x000000008c500000| Complete 
| 198|0x000000008c600000, 0x000000008c700000, 0x000000008c700000|100%| E|CS|TAMS 0x000000008c600000, 0x000000008c600000| Complete 
| 199|0x000000008c700000, 0x000000008c800000, 0x000000008c800000|100%| E|CS|TAMS 0x000000008c700000, 0x000000008c700000| Complete 
| 200|0x000000008c800000, 0x000000008c900000, 0x000000008c900000|100%| E|CS|TAMS 0x000000008c800000, 0x000000008c800000| Complete 
| 201|0x000000008c900000, 0x000000008ca00000, 0x000000008ca00000|100%| E|CS|TAMS 0x000000008c900000, 0x000000008c900000| Complete 
| 202|0x000000008ca00000, 0x000000008cb00000, 0x000000008cb00000|100%| E|CS|TAMS 0x000000008ca00000, 0x000000008ca00000| Complete 
| 203|0x000000008cb00000, 0x000000008cc00000, 0x000000008cc00000|100%| E|CS|TAMS 0x000000008cb00000, 0x000000008cb00000| Complete 
| 204|0x000000008cc00000, 0x000000008cd00000, 0x000000008cd00000|100%| E|CS|TAMS 0x000000008cc00000, 0x000000008cc00000| Complete 
| 205|0x000000008cd00000, 0x000000008ce00000, 0x000000008ce00000|100%| E|CS|TAMS 0x000000008cd00000, 0x000000008cd00000| Complete 
| 206|0x000000008ce00000, 0x000000008cf00000, 0x000000008cf00000|100%| E|CS|TAMS 0x000000008ce00000, 0x000000008ce00000| Complete 
| 207|0x000000008cf00000, 0x000000008d000000, 0x000000008d000000|100%| E|CS|TAMS 0x000000008cf00000, 0x000000008cf00000| Complete 
| 208|0x000000008d000000, 0x000000008d100000, 0x000000008d100000|100%| E|CS|TAMS 0x000000008d000000, 0x000000008d000000| Complete 
| 209|0x000000008d100000, 0x000000008d200000, 0x000000008d200000|100%| E|CS|TAMS 0x000000008d100000, 0x000000008d100000| Complete 
| 210|0x000000008d200000, 0x000000008d300000, 0x000000008d300000|100%| E|CS|TAMS 0x000000008d200000, 0x000000008d200000| Complete 
| 211|0x000000008d300000, 0x000000008d400000, 0x000000008d400000|100%| E|CS|TAMS 0x000000008d300000, 0x000000008d300000| Complete 
| 212|0x000000008d400000, 0x000000008d500000, 0x000000008d500000|100%| E|CS|TAMS 0x000000008d400000, 0x000000008d400000| Complete 
| 213|0x000000008d500000, 0x000000008d600000, 0x000000008d600000|100%| E|CS|TAMS 0x000000008d500000, 0x000000008d500000| Complete 
| 214|0x000000008d600000, 0x000000008d700000, 0x000000008d700000|100%| E|CS|TAMS 0x000000008d600000, 0x000000008d600000| Complete 
| 215|0x000000008d700000, 0x000000008d800000, 0x000000008d800000|100%| E|CS|TAMS 0x000000008d700000, 0x000000008d700000| Complete 
| 216|0x000000008d800000, 0x000000008d900000, 0x000000008d900000|100%| E|CS|TAMS 0x000000008d800000, 0x000000008d800000| Complete 
| 217|0x000000008d900000, 0x000000008da00000, 0x000000008da00000|100%| E|CS|TAMS 0x000000008d900000, 0x000000008d900000| Complete 
| 218|0x000000008da00000, 0x000000008db00000, 0x000000008db00000|100%| E|CS|TAMS 0x000000008da00000, 0x000000008da00000| Complete 
| 219|0x000000008db00000, 0x000000008dc00000, 0x000000008dc00000|100%| E|CS|TAMS 0x000000008db00000, 0x000000008db00000| Complete 
| 220|0x000000008dc00000, 0x000000008dd00000, 0x000000008dd00000|100%| E|CS|TAMS 0x000000008dc00000, 0x000000008dc00000| Complete 
| 221|0x000000008dd00000, 0x000000008de00000, 0x000000008de00000|100%| E|CS|TAMS 0x000000008dd00000, 0x000000008dd00000| Complete 
| 222|0x000000008de00000, 0x000000008df00000, 0x000000008df00000|100%| E|CS|TAMS 0x000000008de00000, 0x000000008de00000| Complete 
| 223|0x000000008df00000, 0x000000008e000000, 0x000000008e000000|100%| E|CS|TAMS 0x000000008df00000, 0x000000008df00000| Complete 
| 224|0x000000008e000000, 0x000000008e100000, 0x000000008e100000|100%| E|CS|TAMS 0x000000008e000000, 0x000000008e000000| Complete 
| 225|0x000000008e100000, 0x000000008e200000, 0x000000008e200000|100%| E|CS|TAMS 0x000000008e100000, 0x000000008e100000| Complete 
| 226|0x000000008e200000, 0x000000008e300000, 0x000000008e300000|100%| E|CS|TAMS 0x000000008e200000, 0x000000008e200000| Complete 
| 227|0x000000008e300000, 0x000000008e400000, 0x000000008e400000|100%| E|CS|TAMS 0x000000008e300000, 0x000000008e300000| Complete 
| 228|0x000000008e400000, 0x000000008e500000, 0x000000008e500000|100%| E|CS|TAMS 0x000000008e400000, 0x000000008e400000| Complete 
| 229|0x000000008e500000, 0x000000008e600000, 0x000000008e600000|100%| E|CS|TAMS 0x000000008e500000, 0x000000008e500000| Complete 
| 230|0x000000008e600000, 0x000000008e700000, 0x000000008e700000|100%| E|CS|TAMS 0x000000008e600000, 0x000000008e600000| Complete 
| 231|0x000000008e700000, 0x000000008e800000, 0x000000008e800000|100%| E|CS|TAMS 0x000000008e700000, 0x000000008e700000| Complete 
| 232|0x000000008e800000, 0x000000008e900000, 0x000000008e900000|100%| E|CS|TAMS 0x000000008e800000, 0x000000008e800000| Complete 
| 233|0x000000008e900000, 0x000000008ea00000, 0x000000008ea00000|100%| E|CS|TAMS 0x000000008e900000, 0x000000008e900000| Complete 
| 234|0x000000008ea00000, 0x000000008eb00000, 0x000000008eb00000|100%| E|CS|TAMS 0x000000008ea00000, 0x000000008ea00000| Complete 
| 235|0x000000008eb00000, 0x000000008ec00000, 0x000000008ec00000|100%| E|CS|TAMS 0x000000008eb00000, 0x000000008eb00000| Complete 
| 236|0x000000008ec00000, 0x000000008ed00000, 0x000000008ed00000|100%| E|CS|TAMS 0x000000008ec00000, 0x000000008ec00000| Complete 
| 237|0x000000008ed00000, 0x000000008ee00000, 0x000000008ee00000|100%| E|CS|TAMS 0x000000008ed00000, 0x000000008ed00000| Complete 
| 238|0x000000008ee00000, 0x000000008ef00000, 0x000000008ef00000|100%| E|CS|TAMS 0x000000008ee00000, 0x000000008ee00000| Complete 
| 239|0x000000008ef00000, 0x000000008f000000, 0x000000008f000000|100%| E|CS|TAMS 0x000000008ef00000, 0x000000008ef00000| Complete 
| 240|0x000000008f000000, 0x000000008f100000, 0x000000008f100000|100%| E|CS|TAMS 0x000000008f000000, 0x000000008f000000| Complete 
| 241|0x000000008f100000, 0x000000008f200000, 0x000000008f200000|100%| E|CS|TAMS 0x000000008f100000, 0x000000008f100000| Complete 
| 242|0x000000008f200000, 0x000000008f300000, 0x000000008f300000|100%| E|CS|TAMS 0x000000008f200000, 0x000000008f200000| Complete 
| 243|0x000000008f300000, 0x000000008f400000, 0x000000008f400000|100%| E|CS|TAMS 0x000000008f300000, 0x000000008f300000| Complete 
| 244|0x000000008f400000, 0x000000008f500000, 0x000000008f500000|100%| E|CS|TAMS 0x000000008f400000, 0x000000008f400000| Complete 
| 245|0x000000008f500000, 0x000000008f600000, 0x000000008f600000|100%| E|CS|TAMS 0x000000008f500000, 0x000000008f500000| Complete 
| 246|0x000000008f600000, 0x000000008f700000, 0x000000008f700000|100%| E|CS|TAMS 0x000000008f600000, 0x000000008f600000| Complete 
| 247|0x000000008f700000, 0x000000008f800000, 0x000000008f800000|100%| E|CS|TAMS 0x000000008f700000, 0x000000008f700000| Complete 
| 248|0x000000008f800000, 0x000000008f900000, 0x000000008f900000|100%| E|CS|TAMS 0x000000008f800000, 0x000000008f800000| Complete 
| 249|0x000000008f900000, 0x000000008fa00000, 0x000000008fa00000|100%| E|CS|TAMS 0x000000008f900000, 0x000000008f900000| Complete 
| 250|0x000000008fa00000, 0x000000008fb00000, 0x000000008fb00000|100%| E|CS|TAMS 0x000000008fa00000, 0x000000008fa00000| Complete 
| 251|0x000000008fb00000, 0x000000008fc00000, 0x000000008fc00000|100%| E|CS|TAMS 0x000000008fb00000, 0x000000008fb00000| Complete 
| 252|0x000000008fc00000, 0x000000008fd00000, 0x000000008fd00000|100%| E|CS|TAMS 0x000000008fc00000, 0x000000008fc00000| Complete 
| 253|0x000000008fd00000, 0x000000008fe00000, 0x000000008fe00000|100%| E|CS|TAMS 0x000000008fd00000, 0x000000008fd00000| Complete 
| 254|0x000000008fe00000, 0x000000008ff00000, 0x000000008ff00000|100%| E|CS|TAMS 0x000000008fe00000, 0x000000008fe00000| Complete 
| 255|0x000000008ff00000, 0x0000000090000000, 0x0000000090000000|100%| E|CS|TAMS 0x000000008ff00000, 0x000000008ff00000| Complete 

Card table byte_map: [0x00000180e5920000,0x00000180e5d20000] _byte_map_base: 0x00000180e5520000

Marking Bits (Prev, Next): (CMBitMap*) 0x00000180d271dbe0, (CMBitMap*) 0x00000180d271dba8
 Prev Bits: [0x00000180e8120000, 0x00000180ea120000)
 Next Bits: [0x00000180e6120000, 0x00000180e8120000)

Polling page: 0x00000180d1eb0000

Metaspace:

Usage:
  Non-class:     58.60 MB capacity,    57.27 MB ( 98%) used,     1.10 MB (  2%) free+waste,   223.44 KB ( <1%) overhead. 
      Class:      9.58 MB capacity,     8.72 MB ( 91%) used,   770.61 KB (  8%) free+waste,   108.25 KB (  1%) overhead. 
       Both:     68.18 MB capacity,    66.00 MB ( 97%) used,     1.86 MB (  3%) free+waste,   331.69 KB ( <1%) overhead. 

Virtual space:
  Non-class space:       60.00 MB reserved,      58.65 MB ( 98%) committed 
      Class space:      504.00 MB reserved,       9.63 MB (  2%) committed 
             Both:      564.00 MB reserved,      68.28 MB ( 12%) committed 

Chunk freelists:
   Non-Class:  58.00 KB
       Class:  11.00 KB
        Both:  69.00 KB

MaxMetaspaceSize: 512.00 MB
CompressedClassSpaceSize: 504.00 MB
Initial GC threshold: 20.80 MB
Current GC threshold: 99.63 MB
CDS: off

CodeHeap 'non-profiled nmethods': size=120000Kb used=3505Kb max_used=3505Kb free=116494Kb
 bounds [0x00000180ddcb0000, 0x00000180de020000, 0x00000180e51e0000]
CodeHeap 'profiled nmethods': size=120000Kb used=13976Kb max_used=13976Kb free=106023Kb
 bounds [0x00000180d6780000, 0x00000180d7530000, 0x00000180ddcb0000]
CodeHeap 'non-nmethods': size=5760Kb used=2343Kb max_used=2383Kb free=3416Kb
 bounds [0x00000180d61e0000, 0x00000180d6450000, 0x00000180d6780000]
 total_blobs=7691 nmethods=6843 adapters=760
 compilation: enabled
              stopped_count=0, restarted_count=0
 full_count=0

Compilation events (20 events):
Event: 46.379 Thread 0x00000180ed43a800 6879       3       org.gradle.internal.serialize.ExceptionReplacingObjectOutputStream::doReplaceObject (25 bytes)
Event: 46.379 Thread 0x00000180ed43a800 nmethod 6879 0x00000180d7522910 code [0x00000180d7522b80, 0x00000180d75234f8]
Event: 46.379 Thread 0x00000180ed43a800 6881       3       java.util.concurrent.SynchronousQueue$TransferStack::shouldSpin (30 bytes)
Event: 46.379 Thread 0x00000180ed43a800 nmethod 6881 0x00000180d7523810 code [0x00000180d75239e0, 0x00000180d7523c78]
Event: 46.379 Thread 0x00000180ed43a800 6863       1       java.io.ObjectStreamField::getField (5 bytes)
Event: 46.380 Thread 0x00000180ed43a800 nmethod 6863 0x00000180de01a710 code [0x00000180de01a8c0, 0x00000180de01a978]
Event: 46.380 Thread 0x00000180ed436000 nmethod 6869 0x00000180de01aa10 code [0x00000180de01abc0, 0x00000180de01b198]
Event: 46.380 Thread 0x00000180ed436000 6876       4       java.io.ObjectOutputStream$BlockDataOutputStream::writeBytes (144 bytes)
Event: 46.387 Thread 0x00000180ed436000 nmethod 6876 0x00000180de01b590 code [0x00000180de01b740, 0x00000180de01bd98]
Event: 46.387 Thread 0x00000180ed436000 6877       4       java.io.ObjectOutputStream$BlockDataOutputStream::writeByte (33 bytes)
Event: 46.387 Thread 0x00000180ed436000 nmethod 6877 0x00000180de01c210 code [0x00000180de01c3a0, 0x00000180de01c478]
Event: 46.387 Thread 0x00000180ed436000 6880   !   4       java.io.ObjectOutputStream::writeObject0 (619 bytes)
Event: 46.388 Thread 0x00000180ed43a800 6884       3       java.util.concurrent.ThreadPoolExecutor$Worker::unlock (7 bytes)
Event: 46.389 Thread 0x00000180ed43a800 nmethod 6884 0x00000180d7523d90 code [0x00000180d7523f60, 0x00000180d7524248]
Event: 46.389 Thread 0x00000180ed43a800 6886       3       java.util.concurrent.locks.AbstractQueuedSynchronizer::shouldParkAfterFailedAcquire (50 bytes)
Event: 46.391 Thread 0x00000180ed43a800 nmethod 6886 0x00000180d7524390 code [0x00000180d75245e0, 0x00000180d7524ee8]
Event: 46.391 Thread 0x00000180ed43a800 6885       3       java.util.concurrent.ThreadPoolExecutor$Worker::tryRelease (12 bytes)
Event: 46.391 Thread 0x00000180ed43a800 nmethod 6885 0x00000180d7525290 code [0x00000180d7525440, 0x00000180d7525598]
Event: 46.391 Thread 0x00000180ed43a800 6887       3       java.util.concurrent.ThreadPoolExecutor$Worker::tryAcquire (20 bytes)
Event: 46.392 Thread 0x00000180ed43a800 nmethod 6887 0x00000180d7525610 code [0x00000180d7525840, 0x00000180d7525ef8]

GC Heap History (14 events):
Event: 0.723 GC heap before
{Heap before GC invocations=0 (full 0):
 garbage-first heap   total 262144K, used 30720K [0x0000000080000000, 0x0000000100000000)
  region size 1024K, 24 young (24576K), 0 survivors (0K)
 Metaspace       used 10225K, capacity 10425K, committed 10624K, reserved 526336K
  class space    used 1070K, capacity 1139K, committed 1152K, reserved 516096K
}
Event: 0.729 GC heap after
{Heap after GC invocations=1 (full 0):
 garbage-first heap   total 262144K, used 9433K [0x0000000080000000, 0x0000000100000000)
  region size 1024K, 3 young (3072K), 3 survivors (3072K)
 Metaspace       used 10225K, capacity 10425K, committed 10624K, reserved 526336K
  class space    used 1070K, capacity 1139K, committed 1152K, reserved 516096K
}
Event: 2.971 GC heap before
{Heap before GC invocations=1 (full 0):
 garbage-first heap   total 262144K, used 106713K [0x0000000080000000, 0x0000000100000000)
  region size 1024K, 99 young (101376K), 3 survivors (3072K)
 Metaspace       used 20781K, capacity 21164K, committed 21296K, reserved 536576K
  class space    used 2530K, capacity 2660K, committed 2688K, reserved 516096K
}
Event: 2.980 GC heap after
{Heap after GC invocations=2 (full 0):
 garbage-first heap   total 262144K, used 16788K [0x0000000080000000, 0x0000000100000000)
  region size 1024K, 11 young (11264K), 11 survivors (11264K)
 Metaspace       used 20781K, capacity 21164K, committed 21296K, reserved 536576K
  class space    used 2530K, capacity 2660K, committed 2688K, reserved 516096K
}
Event: 3.762 GC heap before
{Heap before GC invocations=3 (full 0):
 garbage-first heap   total 262144K, used 80276K [0x0000000080000000, 0x0000000100000000)
  region size 1024K, 73 young (74752K), 11 survivors (11264K)
 Metaspace       used 27224K, capacity 27829K, committed 27904K, reserved 540672K
  class space    used 3547K, capacity 3783K, committed 3840K, reserved 516096K
}
Event: 3.769 GC heap after
{Heap after GC invocations=4 (full 0):
 garbage-first heap   total 262144K, used 19837K [0x0000000080000000, 0x0000000100000000)
  region size 1024K, 3 young (3072K), 3 survivors (3072K)
 Metaspace       used 27224K, capacity 27829K, committed 27904K, reserved 540672K
  class space    used 3547K, capacity 3783K, committed 3840K, reserved 516096K
}
Event: 4.433 GC heap before
{Heap before GC invocations=4 (full 0):
 garbage-first heap   total 262144K, used 68989K [0x0000000080000000, 0x0000000100000000)
  region size 1024K, 52 young (53248K), 3 survivors (3072K)
 Metaspace       used 35117K, capacity 35891K, committed 36048K, reserved 548864K
  class space    used 4542K, capacity 4833K, committed 4864K, reserved 516096K
}
Event: 4.440 GC heap after
{Heap after GC invocations=5 (full 0):
 garbage-first heap   total 262144K, used 22962K [0x0000000080000000, 0x0000000100000000)
  region size 1024K, 6 young (6144K), 6 survivors (6144K)
 Metaspace       used 35117K, capacity 35891K, committed 36048K, reserved 548864K
  class space    used 4542K, capacity 4833K, committed 4864K, reserved 516096K
}
Event: 42.766 GC heap before
{Heap before GC invocations=6 (full 0):
 garbage-first heap   total 262144K, used 139698K [0x0000000080000000, 0x0000000100000000)
  region size 1024K, 117 young (119808K), 6 survivors (6144K)
 Metaspace       used 43730K, capacity 44945K, committed 45084K, reserved 557056K
  class space    used 5521K, capacity 6010K, committed 6016K, reserved 516096K
}
Event: 42.777 GC heap after
{Heap after GC invocations=7 (full 0):
 garbage-first heap   total 262144K, used 30991K [0x0000000080000000, 0x0000000100000000)
  region size 1024K, 14 young (14336K), 14 survivors (14336K)
 Metaspace       used 43730K, capacity 44945K, committed 45084K, reserved 557056K
  class space    used 5521K, capacity 6010K, committed 6016K, reserved 516096K
}
Event: 44.180 GC heap before
{Heap before GC invocations=7 (full 0):
 garbage-first heap   total 262144K, used 164111K [0x0000000080000000, 0x0000000100000000)
  region size 1024K, 140 young (143360K), 14 survivors (14336K)
 Metaspace       used 54013K, capacity 55587K, committed 55708K, reserved 565248K
  class space    used 7020K, capacity 7657K, committed 7680K, reserved 516096K
}
Event: 44.195 GC heap after
{Heap after GC invocations=8 (full 0):
 garbage-first heap   total 262144K, used 42381K [0x0000000080000000, 0x0000000100000000)
  region size 1024K, 16 young (16384K), 16 survivors (16384K)
 Metaspace       used 54013K, capacity 55587K, committed 55708K, reserved 565248K
  class space    used 7020K, capacity 7657K, committed 7680K, reserved 516096K
}
Event: 44.931 GC heap before
{Heap before GC invocations=8 (full 0):
 garbage-first heap   total 262144K, used 103821K [0x0000000080000000, 0x0000000100000000)
  region size 1024K, 77 young (78848K), 16 survivors (16384K)
 Metaspace       used 58826K, capacity 60484K, committed 60572K, reserved 569344K
  class space    used 7733K, capacity 8416K, committed 8448K, reserved 516096K
}
Event: 44.943 GC heap after
{Heap after GC invocations=9 (full 0):
 garbage-first heap   total 262144K, used 45034K [0x0000000080000000, 0x0000000100000000)
  region size 1024K, 11 young (11264K), 11 survivors (11264K)
 Metaspace       used 58826K, capacity 60484K, committed 60572K, reserved 569344K
  class space    used 7733K, capacity 8416K, committed 8448K, reserved 516096K
}

Deoptimization events (20 events):
Event: 46.343 Thread 0x00000180eee4a000 Uncommon trap: trap_request=0xffffff4d fr.pc=0x00000180ddf0066c relative=0x000000000000066c
Event: 46.343 Thread 0x00000180eee4a000 Uncommon trap: reason=unstable_if action=reinterpret pc=0x00000180ddf0066c method=java.util.HashMap$HashIterator.<init>(Ljava/util/HashMap;)V @ 45 c2
Event: 46.343 Thread 0x00000180eee4a000 DEOPT PACKING pc=0x00000180ddf0066c sp=0x0000004a1acfd7d0
Event: 46.343 Thread 0x00000180eee4a000 DEOPT UNPACKING pc=0x00000180d622a1af sp=0x0000004a1acfd660 mode 2
Event: 46.358 Thread 0x00000180eee4a000 Uncommon trap: trap_request=0xffffffde fr.pc=0x00000180ddcd45e4 relative=0x00000000000001c4
Event: 46.358 Thread 0x00000180eee4a000 Uncommon trap: reason=class_check action=maybe_recompile pc=0x00000180ddcd45e4 method=java.lang.String.equals(Ljava/lang/Object;)Z @ 8 c2
Event: 46.358 Thread 0x00000180eee4a000 DEOPT PACKING pc=0x00000180ddcd45e4 sp=0x0000004a1acfca10
Event: 46.358 Thread 0x00000180eee4a000 DEOPT UNPACKING pc=0x00000180d622a1af sp=0x0000004a1acfc9b8 mode 2
Event: 46.358 Thread 0x00000180eee4a000 Uncommon trap: trap_request=0xffffffde fr.pc=0x00000180ddcd45e4 relative=0x00000000000001c4
Event: 46.358 Thread 0x00000180eee4a000 Uncommon trap: reason=class_check action=maybe_recompile pc=0x00000180ddcd45e4 method=java.lang.String.equals(Ljava/lang/Object;)Z @ 8 c2
Event: 46.358 Thread 0x00000180eee4a000 DEOPT PACKING pc=0x00000180ddcd45e4 sp=0x0000004a1acfca10
Event: 46.358 Thread 0x00000180eee4a000 DEOPT UNPACKING pc=0x00000180d622a1af sp=0x0000004a1acfc9b8 mode 2
Event: 46.358 Thread 0x00000180eee4a000 Uncommon trap: trap_request=0xffffffde fr.pc=0x00000180ddcd45e4 relative=0x00000000000001c4
Event: 46.358 Thread 0x00000180eee4a000 Uncommon trap: reason=class_check action=maybe_recompile pc=0x00000180ddcd45e4 method=java.lang.String.equals(Ljava/lang/Object;)Z @ 8 c2
Event: 46.358 Thread 0x00000180eee4a000 DEOPT PACKING pc=0x00000180ddcd45e4 sp=0x0000004a1acfca10
Event: 46.358 Thread 0x00000180eee4a000 DEOPT UNPACKING pc=0x00000180d622a1af sp=0x0000004a1acfc9b8 mode 2
Event: 46.358 Thread 0x00000180eee4a000 Uncommon trap: trap_request=0xffffffde fr.pc=0x00000180ddcd45e4 relative=0x00000000000001c4
Event: 46.358 Thread 0x00000180eee4a000 Uncommon trap: reason=class_check action=maybe_recompile pc=0x00000180ddcd45e4 method=java.lang.String.equals(Ljava/lang/Object;)Z @ 8 c2
Event: 46.358 Thread 0x00000180eee4a000 DEOPT PACKING pc=0x00000180ddcd45e4 sp=0x0000004a1acfca10
Event: 46.358 Thread 0x00000180eee4a000 DEOPT UNPACKING pc=0x00000180d622a1af sp=0x0000004a1acfc9b8 mode 2

Classes redefined (0 events):
No events

Internal exceptions (20 events):
Event: 45.584 Thread 0x00000180eee4a000 Exception <a 'java/lang/ClassNotFoundException'{0x000000008b2b63c8}: org/gradle/api/internal/artifacts/DefaultArtifactRepositoryContainerBeanInfo> (0x000000008b2b63c8) thrown at [./src/hotspot/share/classfile/systemDictionary.cpp, line 231]
Event: 45.584 Thread 0x00000180eee4a000 Exception <a 'java/lang/ClassNotFoundException'{0x000000008b2dfbf8}: org/gradle/api/internal/DefaultNamedDomainObjectListBeanInfo> (0x000000008b2dfbf8) thrown at [./src/hotspot/share/classfile/systemDictionary.cpp, line 231]
Event: 45.585 Thread 0x00000180eee4a000 Exception <a 'java/lang/ClassNotFoundException'{0x000000008b117430}: org/gradle/api/internal/DefaultNamedDomainObjectCollectionBeanInfo> (0x000000008b117430) thrown at [./src/hotspot/share/classfile/systemDictionary.cpp, line 231]
Event: 45.585 Thread 0x00000180eee4a000 Exception <a 'java/lang/ClassNotFoundException'{0x000000008b141d80}: org/gradle/api/internal/DefaultDomainObjectCollectionBeanInfo> (0x000000008b141d80) thrown at [./src/hotspot/share/classfile/systemDictionary.cpp, line 231]
Event: 45.586 Thread 0x00000180eee4a000 Exception <a 'java/lang/ClassNotFoundException'{0x000000008b16c570}: org/gradle/api/internal/DefaultDomainObjectCollectionCustomizer> (0x000000008b16c570) thrown at [./src/hotspot/share/classfile/systemDictionary.cpp, line 231]
Event: 45.587 Thread 0x00000180eee4a000 Exception <a 'java/lang/ClassNotFoundException'{0x000000008b1b43f0}: org/gradle/api/internal/DefaultNamedDomainObjectCollectionCustomizer> (0x000000008b1b43f0) thrown at [./src/hotspot/share/classfile/systemDictionary.cpp, line 231]
Event: 45.589 Thread 0x00000180eee4a000 Exception <a 'java/lang/ClassNotFoundException'{0x000000008b003af8}: org/gradle/api/internal/DefaultNamedDomainObjectListCustomizer> (0x000000008b003af8) thrown at [./src/hotspot/share/classfile/systemDictionary.cpp, line 231]
Event: 45.591 Thread 0x00000180eee4a000 Exception <a 'java/lang/ClassNotFoundException'{0x000000008b0583f8}: org/gradle/api/internal/artifacts/DefaultArtifactRepositoryContainerCustomizer> (0x000000008b0583f8) thrown at [./src/hotspot/share/classfile/systemDictionary.cpp, line 231]
Event: 45.592 Thread 0x00000180eee4a000 Exception <a 'java/lang/ClassNotFoundException'{0x000000008b0a2b10}: org/gradle/api/internal/artifacts/dsl/DefaultRepositoryHandlerCustomizer> (0x000000008b0a2b10) thrown at [./src/hotspot/share/classfile/systemDictionary.cpp, line 231]
Event: 45.593 Thread 0x00000180eee4a000 Exception <a 'java/lang/ClassNotFoundException'{0x000000008b0ffd70}: org/gradle/api/internal/artifacts/dsl/DefaultRepositoryHandler_DecoratedCustomizer> (0x000000008b0ffd70) thrown at [./src/hotspot/share/classfile/systemDictionary.cpp, line 231]
Event: 45.598 Thread 0x00000180eee4a000 Exception <a 'java/lang/ClassNotFoundException'{0x000000008afcff70}: org/gradle/api/internal/artifacts/dsl/dependencies/DefaultDependencyHandler_DecoratedBeanInfo> (0x000000008afcff70) thrown at [./src/hotspot/share/classfile/systemDictionary.cpp, line 231]
Event: 45.598 Thread 0x00000180eee4a000 Exception <a 'java/lang/ClassNotFoundException'{0x000000008ae0eb70}: org/gradle/api/internal/artifacts/dsl/dependencies/DefaultDependencyHandlerBeanInfo> (0x000000008ae0eb70) thrown at [./src/hotspot/share/classfile/systemDictionary.cpp, line 231]
Event: 45.599 Thread 0x00000180eee4a000 Exception <a 'java/lang/ClassNotFoundException'{0x000000008ae4d438}: org/gradle/api/internal/artifacts/dsl/dependencies/DefaultDependencyHandlerCustomizer> (0x000000008ae4d438) thrown at [./src/hotspot/share/classfile/systemDictionary.cpp, line 231]
Event: 45.600 Thread 0x00000180eee4a000 Exception <a 'java/lang/ClassNotFoundException'{0x000000008aeb2d68}: org/gradle/api/internal/artifacts/dsl/dependencies/DefaultDependencyHandler_DecoratedCustomizer> (0x000000008aeb2d68) thrown at [./src/hotspot/share/classfile/systemDictionary.cpp, line 231]
Event: 45.672 Thread 0x00000180eee4a000 Exception <a 'java/lang/NoSuchMethodError'{0x000000008a719ad8}: 'java.lang.Object java.lang.invoke.Invokers$Holder.linkToTargetMethod(java.lang.Object, int, java.lang.Object)'> (0x000000008a719ad8) thrown at [./src/hotspot/share/interpreter/linkResolver.cpp, line 773]
Event: 46.127 Thread 0x00000180f190c000 Exception <a 'java/lang/NoSuchMethodError'{0x0000000088f9ddf8}: 'java.lang.Object java.lang.invoke.Invokers$Holder.linkToTargetMethod(java.lang.Object, java.lang.Object, java.lang.Object, int, java.lang.Object, java.lang.Object)'> (0x0000000088f9ddf8) thrown at [./src/hotspot/share/interpreter/linkResolver.cpp, line 773]
Event: 46.130 Thread 0x00000180f190c000 Exception <a 'java/lang/NoSuchMethodError'{0x0000000088fc1708}: 'java.lang.Object java.lang.invoke.DirectMethodHandle$Holder.invokeInterface(java.lang.Object, java.lang.Object, int)'> (0x0000000088fc1708) thrown at [./src/hotspot/share/interpreter/linkResolver.cpp, line 773]
Event: 46.132 Thread 0x00000180f190c000 Exception <a 'java/lang/NoSuchMethodError'{0x0000000088fd7498}: 'void java.lang.invoke.DirectMethodHandle$Holder.invokeStatic(java.lang.Object, java.lang.Object, java.lang.Object, int)'> (0x0000000088fd7498) thrown at [./src/hotspot/share/interpreter/linkResolver.cpp, line 773]
Event: 46.263 Thread 0x00000180f190c000 Exception <a 'java/lang/OutOfMemoryError'{0x00000000888fe8a8}: unable to create native thread: possibly out of memory or process/resource limits reached> (0x00000000888fe8a8) thrown at [./src/hotspot/share/prims/jvm.cpp, line 2924]
Event: 46.263 Thread 0x00000180f190c000 Exception <a 'java/lang/reflect/InvocationTargetException'{0x00000000888ff728}> (0x00000000888ff728) thrown at [./src/hotspot/share/runtime/reflection.cpp, line 1247]

Events (20 events):
Event: 46.390 Thread 0x00000180f1906800 Thread exited: 0x00000180f1906800
Event: 46.390 Thread 0x00000180f190b800 Thread exited: 0x00000180f190b800
Event: 46.390 Thread 0x00000180efd75000 Thread exited: 0x00000180efd75000
Event: 46.390 Thread 0x00000180ef803000 Thread exited: 0x00000180ef803000
Event: 46.390 Thread 0x00000180ef803800 Thread exited: 0x00000180ef803800
Event: 46.390 Thread 0x00000180efd77800 Thread exited: 0x00000180efd77800
Event: 46.390 Thread 0x00000180f190a800 Thread exited: 0x00000180f190a800
Event: 46.390 Thread 0x00000180ef801800 Thread exited: 0x00000180ef801800
Event: 46.390 Thread 0x00000180f190f800 Thread exited: 0x00000180f190f800
Event: 46.391 Thread 0x00000180ef806000 Thread exited: 0x00000180ef806000
Event: 46.391 Thread 0x00000180ef7ff800 Thread exited: 0x00000180ef7ff800
Event: 46.391 Thread 0x00000180efbf0000 Thread exited: 0x00000180efbf0000
Event: 46.391 Thread 0x00000180f1909800 Thread exited: 0x00000180f1909800
Event: 46.391 Thread 0x00000180ef7ff000 Thread exited: 0x00000180ef7ff000
Event: 46.391 Thread 0x00000180ef7fb000 Thread exited: 0x00000180ef7fb000
Event: 46.391 Thread 0x00000180ef7fd000 Thread exited: 0x00000180ef7fd000
Event: 46.391 Thread 0x00000180f1904000 Thread exited: 0x00000180f1904000
Event: 46.391 Thread 0x00000180ef7f7800 Thread exited: 0x00000180ef7f7800
Event: 46.391 Thread 0x00000180f1909000 Thread exited: 0x00000180f1909000
Event: 46.391 Thread 0x00000180ef7fb800 Thread exited: 0x00000180ef7fb800


Dynamic libraries:
0x00007ff6f0910000 - 0x00007ff6f091a000 	C:\Program Files\Android\Android Studio1\jre\bin\java.exe
0x00007ffbb9210000 - 0x00007ffbb9408000 	C:\WINDOWS\SYSTEM32\ntdll.dll
0x00007ffbb7c90000 - 0x00007ffbb7d4d000 	C:\WINDOWS\System32\KERNEL32.DLL
0x00007ffbb6f30000 - 0x00007ffbb7202000 	C:\WINDOWS\System32\KERNELBASE.dll
0x00007ffbb6cb0000 - 0x00007ffbb6db0000 	C:\WINDOWS\System32\ucrtbase.dll
0x00007ffbb09d0000 - 0x00007ffbb09e7000 	C:\Program Files\Android\Android Studio1\jre\bin\VCRUNTIME140.dll
0x00007ffbb06d0000 - 0x00007ffbb06e9000 	C:\Program Files\Android\Android Studio1\jre\bin\jli.dll
0x00007ffbb8450000 - 0x00007ffbb85ed000 	C:\WINDOWS\System32\USER32.dll
0x00007ffbb7240000 - 0x00007ffbb7262000 	C:\WINDOWS\System32\win32u.dll
0x00007ffba4ca0000 - 0x00007ffba4f3a000 	C:\WINDOWS\WinSxS\amd64_microsoft.windows.common-controls_6595b64144ccf1df_6.0.19041.1110_none_60b5254171f9507e\COMCTL32.dll
0x00007ffbb8910000 - 0x00007ffbb893b000 	C:\WINDOWS\System32\GDI32.dll
0x00007ffbb87c0000 - 0x00007ffbb885e000 	C:\WINDOWS\System32\msvcrt.dll
0x00007ffbb6db0000 - 0x00007ffbb6ebf000 	C:\WINDOWS\System32\gdi32full.dll
0x00007ffbb6920000 - 0x00007ffbb69bd000 	C:\WINDOWS\System32\msvcp_win.dll
0x00007ffbb77b0000 - 0x00007ffbb77e0000 	C:\WINDOWS\System32\IMM32.DLL
0x00007ffb9d840000 - 0x00007ffb9d8dd000 	C:\Program Files\Android\Android Studio1\jre\bin\msvcp140.dll
0x00007ffb914e0000 - 0x00007ffb91fc5000 	C:\Program Files\Android\Android Studio1\jre\bin\server\jvm.dll
0x00007ffbb8860000 - 0x00007ffbb890e000 	C:\WINDOWS\System32\ADVAPI32.dll
0x00007ffbb7970000 - 0x00007ffbb7a0c000 	C:\WINDOWS\System32\sechost.dll
0x00007ffbb7d50000 - 0x00007ffbb7e75000 	C:\WINDOWS\System32\RPCRT4.dll
0x00007ffbb7a80000 - 0x00007ffbb7a88000 	C:\WINDOWS\System32\PSAPI.DLL
0x00007ffbb1320000 - 0x00007ffbb1329000 	C:\WINDOWS\SYSTEM32\WSOCK32.dll
0x00007ffb9fd60000 - 0x00007ffb9fd87000 	C:\WINDOWS\SYSTEM32\WINMM.dll
0x00007ffbaef50000 - 0x00007ffbaef5a000 	C:\WINDOWS\SYSTEM32\VERSION.dll
0x00007ffbb7a10000 - 0x00007ffbb7a7b000 	C:\WINDOWS\System32\WS2_32.dll
0x00007ffbb47e0000 - 0x00007ffbb47f2000 	C:\WINDOWS\SYSTEM32\kernel.appcore.dll
0x00007ffbb0640000 - 0x00007ffbb0651000 	C:\Program Files\Android\Android Studio1\jre\bin\verify.dll
0x00007ffbae880000 - 0x00007ffbaea64000 	C:\WINDOWS\SYSTEM32\DBGHELP.DLL
0x00007ffbaed50000 - 0x00007ffbaed7c000 	C:\WINDOWS\SYSTEM32\dbgcore.DLL
0x00007ffbb6ac0000 - 0x00007ffbb6b42000 	C:\WINDOWS\System32\bcryptPrimitives.dll
0x00007ffbaedd0000 - 0x00007ffbaedf9000 	C:\Program Files\Android\Android Studio1\jre\bin\java.dll
0x00007ffbb06c0000 - 0x00007ffbb06cb000 	C:\Program Files\Android\Android Studio1\jre\bin\jimage.dll
0x00007ffbaea70000 - 0x00007ffbaea88000 	C:\Program Files\Android\Android Studio1\jre\bin\zip.dll
0x00007ffbb8940000 - 0x00007ffbb9083000 	C:\WINDOWS\System32\SHELL32.dll
0x00007ffbb49e0000 - 0x00007ffbb5171000 	C:\WINDOWS\SYSTEM32\windows.storage.dll
0x00007ffbb7fb0000 - 0x00007ffbb8304000 	C:\WINDOWS\System32\combase.dll
0x00007ffbb62a0000 - 0x00007ffbb62d0000 	C:\WINDOWS\SYSTEM32\Wldp.dll
0x00007ffbb77e0000 - 0x00007ffbb788d000 	C:\WINDOWS\System32\SHCORE.dll
0x00007ffbb9110000 - 0x00007ffbb9165000 	C:\WINDOWS\System32\shlwapi.dll
0x00007ffbb6860000 - 0x00007ffbb687f000 	C:\WINDOWS\SYSTEM32\profapi.dll
0x00007ffbad6a0000 - 0x00007ffbad6ba000 	C:\Program Files\Android\Android Studio1\jre\bin\net.dll
0x00007ffbad030000 - 0x00007ffbad13d000 	C:\WINDOWS\SYSTEM32\WINHTTP.dll
0x00007ffbb6000000 - 0x00007ffbb606a000 	C:\WINDOWS\system32\mswsock.dll
0x00007ffbad540000 - 0x00007ffbad554000 	C:\Program Files\Android\Android Studio1\jre\bin\nio.dll
0x00007ffbb06f0000 - 0x00007ffbb0717000 	C:\Users\nazmi\.gradle\native\e1d6ef7f7dcc3fd88c89a11ec53ec762bb8ba0a96d01ffa2cd45eb1d1d8dd5c5\windows-amd64\native-platform.dll
0x00007ffb92350000 - 0x00007ffb92494000 	C:\Users\nazmi\.gradle\native\5664cfc778a61ccfe75a443a1ab52a65af34e5dc3c78e0209fed803814484fcb\windows-amd64\native-platform-file-events.dll
0x00007ffbaa800000 - 0x00007ffbaa80a000 	C:\Program Files\Android\Android Studio1\jre\bin\management.dll
0x00007ffbaa680000 - 0x00007ffbaa68d000 	C:\Program Files\Android\Android Studio1\jre\bin\management_ext.dll
0x00007ffbb6200000 - 0x00007ffbb6218000 	C:\WINDOWS\SYSTEM32\CRYPTSP.dll
0x00007ffbb5920000 - 0x00007ffbb5954000 	C:\WINDOWS\system32\rsaenh.dll
0x00007ffbb7210000 - 0x00007ffbb7237000 	C:\WINDOWS\System32\bcrypt.dll
0x00007ffbb67e0000 - 0x00007ffbb680e000 	C:\WINDOWS\SYSTEM32\USERENV.dll
0x00007ffbb61f0000 - 0x00007ffbb61fc000 	C:\WINDOWS\SYSTEM32\CRYPTBASE.dll
0x00007ffbb5cf0000 - 0x00007ffbb5d2b000 	C:\WINDOWS\SYSTEM32\IPHLPAPI.DLL
0x00007ffbb85f0000 - 0x00007ffbb85f8000 	C:\WINDOWS\System32\NSI.dll
0x00007ffbaf6a0000 - 0x00007ffbaf6b7000 	C:\WINDOWS\SYSTEM32\dhcpcsvc6.DLL
0x00007ffbaf680000 - 0x00007ffbaf69d000 	C:\WINDOWS\SYSTEM32\dhcpcsvc.DLL
0x00007ffbb5d30000 - 0x00007ffbb5dfa000 	C:\WINDOWS\SYSTEM32\DNSAPI.dll

dbghelp: loaded successfully - version: 4.0.5 - missing functions: none
symbol engine: initialized successfully - sym options: 0x614 - pdb path: .;C:\Program Files\Android\Android Studio1\jre\bin;C:\WINDOWS\SYSTEM32;C:\WINDOWS\WinSxS\amd64_microsoft.windows.common-controls_6595b64144ccf1df_6.0.19041.1110_none_60b5254171f9507e;C:\Program Files\Android\Android Studio1\jre\bin\server;C:\Users\nazmi\.gradle\native\e1d6ef7f7dcc3fd88c89a11ec53ec762bb8ba0a96d01ffa2cd45eb1d1d8dd5c5\windows-amd64;C:\Users\nazmi\.gradle\native\5664cfc778a61ccfe75a443a1ab52a65af34e5dc3c78e0209fed803814484fcb\windows-amd64

VM Arguments:
jvm_args: -XX:MaxMetaspaceSize=512m --add-opens=java.base/java.util=ALL-UNNAMED --add-opens=java.base/java.lang=ALL-UNNAMED --add-opens=java.base/java.lang.invoke=ALL-UNNAMED --add-opens=java.base/java.util=ALL-UNNAMED --add-opens=java.prefs/java.util.prefs=ALL-UNNAMED --add-opens=java.prefs/java.util.prefs=ALL-UNNAMED --add-opens=java.base/java.nio.charset=ALL-UNNAMED --add-opens=java.base/java.net=ALL-UNNAMED --add-opens=java.base/java.util.concurrent.atomic=ALL-UNNAMED -Xmx2048m -Dfile.encoding=windows-1252 -Duser.country=MY -Duser.language=en -Duser.variant 
java_command: org.gradle.launcher.daemon.bootstrap.GradleDaemon 7.3.3
java_class_path (initial): C:\Users\nazmi\.gradle\wrapper\dists\gradle-7.3.3-all\4295vidhdd9hd3gbjyw1xqxpo\gradle-7.3.3\lib\gradle-launcher-7.3.3.jar
Launcher Type: SUN_STANDARD

[Global flags]
     intx CICompilerCount                          = 4                                         {product} {ergonomic}
   size_t CompressedClassSpaceSize                 = 528482304                                 {product} {ergonomic}
     uint ConcGCThreads                            = 2                                         {product} {ergonomic}
     uint G1ConcRefinementThreads                  = 8                                         {product} {ergonomic}
   size_t G1HeapRegionSize                         = 1048576                                   {product} {ergonomic}
    uintx GCDrainStackTargetSize                   = 64                                        {product} {ergonomic}
   size_t InitialHeapSize                          = 268435456                                 {product} {ergonomic}
   size_t MarkStackSize                            = 4194304                                   {product} {ergonomic}
   size_t MaxHeapSize                              = 2147483648                                {product} {command line}
   size_t MaxMetaspaceSize                         = 536870912                                 {product} {command line}
   size_t MaxNewSize                               = 1287651328                                {product} {ergonomic}
   size_t MinHeapDeltaBytes                        = 1048576                                   {product} {ergonomic}
    uintx NonNMethodCodeHeapSize                   = 5836300                                {pd product} {ergonomic}
    uintx NonProfiledCodeHeapSize                  = 122910970                              {pd product} {ergonomic}
    uintx ProfiledCodeHeapSize                     = 122910970                              {pd product} {ergonomic}
    uintx ReservedCodeCacheSize                    = 251658240                              {pd product} {ergonomic}
     bool SegmentedCodeCache                       = true                                      {product} {ergonomic}
     bool UseCompressedClassPointers               = true                                 {lp64_product} {ergonomic}
     bool UseCompressedOops                        = true                                 {lp64_product} {ergonomic}
     bool UseG1GC                                  = true                                      {product} {ergonomic}
     bool UseLargePagesIndividualAllocation        = false                                  {pd product} {ergonomic}

Logging:
Log output configuration:
 #0: stdout all=warning uptime,level,tags
 #1: stderr all=off uptime,level,tags

Environment Variables:
JAVA_HOME=C:\Program Files\Java\jdk1.8.0_291
CLASSPATH=G:\Apps\react-native-draggable-flatlist\todo\android\\gradle\wrapper\gradle-wrapper.jar
PATH=C:\Users\nazmi\AppData\Local\Temp\yarn--1666014423546-0.30175335945425674;G:\Apps\react-native-draggable-flatlist\todo\node_modules\.bin;C:\Users\nazmi\AppData\Local\Yarn\Data\link\node_modules\.bin;C:\Users\nazmi\AppData\Local\Yarn\bin;C:\Program Files\libexec\lib\node_modules\npm\bin\node-gyp-bin;C:\Program Files\lib\node_modules\npm\bin\node-gyp-bin;C:\Program Files\nodejs\node_modules\npm\bin\node-gyp-bin;C:\Program Files\Common Files\Oracle\Java\javapath;C:\Program Files\Oculus\Support\oculus-runtime;C:\Program Files (x86)\Common Files\Oracle\Java\javapath;C:\Program Files\NVIDIA GPU Computing Toolkit\CUDA\v11.3\bin;C:\Program Files\NVIDIA GPU Computing Toolkit\CUDA\v11.3\libnvvp;C:\Program Files\NVIDIA GPU Computing Toolkit\CUDA\v10.0\bin;C:\Program Files\NVIDIA GPU Computing Toolkit\CUDA\v10.0\libnvvp;C:\WINDOWS\system32;C:\WINDOWS;C:\WINDOWS\System32\Wbem;C:\WINDOWS\System32\WindowsPowerShell\v1.0\;C:\WINDOWS\System32\OpenSSH\;C:\Program Files (x86)\NVIDIA Corporation\PhysX\Common;C:\Users\nazmi\AppData\Local\Programs\Python\Python37\Scripts;C:\Program Files\NVIDIA Corporation\Nsight Compute 2021.1.1\;C:\Program Files\NVIDIA Corporation\NVIDIA NvDLISR;C:\Program Files (x86)\IVI Foundation\VISA\WinNT\Bin\;C:\Program Files\IVI Foundation\VISA\Win64\Bin\;C:\Program Files (x86)\IVI Foundation\VISA\WinNT\Bin;H:\apache-maven-3.8.1\bin;C:\Program Files\Git\cmd;C:\Program Files\Java\jdk1.8.0_291\bin;C:\Program Files\PuTTY\;C:\Program Files\MATLAB\R2021a\bin;C:\Users\nazmi\AppData\Local\Android\Sdk\platform-tools;C:\Program Files\7-Zip;H:\flutter\bin;H:\xampp\php;H:\Programs\ffmpeg\bin;C:\ProgramData\ComposerSetup\bin;C:\Program Files (x86)\GnuWin32\bin;C:\Program Files (x86)\AOMEI\AOMEI Backupper\6.8.0;C:\Program Files (x86)\Bitvise SSH Client;C:\ProgramData\chocolatey\bin;C:\Users\nazmi\AppData\Roaming\nvm;C:\Program Files\nodejs;C:\Users\nazmi\AppData\Local\Android\Sdk\emulator;C:\Program Files\Go\bin;C:\Users\nazmi\AppData\Local\Microsoft\WindowsApps;C:\Users\n
USERNAME=nazmi
LANG=en_US.UTF-8
OS=Windows_NT
PROCESSOR_IDENTIFIER=Intel64 Family 6 Model 158 Stepping 9, GenuineIntel



---------------  S Y S T E M  ---------------

OS: Windows 10 , 64 bit Build 19041 (10.0.19041.1889)
OS uptime: 0 days 12:45 hours

CPU:total 8 (initial active 8) (4 cores per cpu, 2 threads per core) family 6 model 158 stepping 9 microcode 0xb4, cmov, cx8, fxsr, mmx, sse, sse2, sse3, ssse3, sse4.1, sse4.2, popcnt, avx, avx2, aes, clmul, erms, 3dnowpref, lzcnt, ht, tsc, tscinvbit, bmi1, bmi2, adx, fma

Memory: 4k page, system-wide physical 16340M (218M free)
TotalPageFile size 41204M (AvailPageFile size 5M)
current process WorkingSet (physical memory assigned to process): 392M, peak: 396M
current process commit charge ("private bytes"): 496M, peak: 501M

vm_info: OpenJDK 64-Bit Server VM (11.0.12+7-b1504.28-7817840) for windows-amd64 JRE (11.0.12+7-b1504.28-7817840), built on Oct 13 2021 22:12:33 by "builder" with MS VC++ 14.0 (VS2015)

END.
